#
# There is insufficient memory for the Java Runtime Environment to continue.
# Native memory allocation (malloc) failed to allocate 2740336 bytes for Chunk::new
# Possible reasons:
#   The system is out of physical RAM or swap space
#   The process is running with CompressedOops enabled, and the Java Heap may be blocking the growth of the native heap
# Possible solutions:
#   Reduce memory load on the system
#   Increase physical memory or swap space
#   Check if swap backing store is full
#   Decrease Java heap size (-Xmx/-Xms)
#   Decrease number of Java threads
#   Decrease Java thread stack sizes (-Xss)
#   Set larger code cache with -XX:ReservedCodeCacheSize=
#   JVM is running with Unscaled Compressed Oops mode in which the Java heap is
#     placed in the first 4GB address space. The Java Heap base address is the
#     maximum limit for the native heap growth. Please use -XX:HeapBaseMinAddress
#     to set the Java Heap base and to place the Java Heap above 4GB virtual address.
# This output file may be truncated or incomplete.
#
#  Out of Memory Error (t:/workspace/open/src/hotspot/share/memory/arena.cpp:198), pid=7608, tid=16972
#
# JRE version: Java(TM) SE Runtime Environment (10.0.2+13) (build 10.0.2+13)
# Java VM: Java HotSpot(TM) 64-Bit Server VM (10.0.2+13, mixed mode, tiered, compressed oops, g1 gc, windows-amd64)
# No core dump will be written. Minidumps are not enabled by default on client versions of Windows
#

---------------  S U M M A R Y ------------

Command Line: -agentlib:jdwp=transport=dt_socket,suspend=y,address=localhost:65200 -ea -javaagent:C:\Users\Cassiano\Downloads\spring-tool-suite-3.9.5.RELEASE-e4.8.0-win32-x86_64\sts-bundle\sts-3.9.5.RELEASE\configuration\org.eclipse.osgi\316\0\.cp\lib\javaagent-shaded.jar -Dfile.encoding=UTF-8 org.eclipse.jdt.internal.junit.runner.RemoteTestRunner -version 3 -port 65199 -testLoaderClass org.eclipse.jdt.internal.junit4.runner.JUnit4TestLoader -loaderpluginname org.eclipse.jdt.junit4.runtime -classNames br.com.castgroup.Desafio.integration.PessoaControllerTest

Host: Intel(R) Core(TM) i7-8550U CPU @ 1.80GHz, 8 cores, 7G,  Windows 10 , 64 bit Build 17763 (10.0.17763.379)
Time: Sun Mar 17 16:35:40 2019 Hora oficial do Brasil elapsed time: 9 seconds (0d 0h 0m 9s)

---------------  T H R E A D  ---------------

Current thread (0x000002567b3c0000):  JavaThread "C2 CompilerThread0" daemon [_thread_in_native, id=16972, stack(0x000000ddb6300000,0x000000ddb6400000)]


Current CompileTask:
C2:   9996 6229   !   4       org.springframework.core.annotation.AnnotatedElementUtils::searchWithFindSemantics (774 bytes)

Stack: [0x000000ddb6300000,0x000000ddb6400000]
Native frames: (J=compiled Java code, j=interpreted, Vv=VM code, C=native code)
V  [jvm.dll+0x5a01a9]
V  [jvm.dll+0x6bcf31]
V  [jvm.dll+0x6be126]
V  [jvm.dll+0x6be7b3]
V  [jvm.dll+0x234978]
V  [jvm.dll+0xbb69c]
V  [jvm.dll+0xbbbac]
V  [jvm.dll+0x34bee1]
V  [jvm.dll+0x18ee2c]
V  [jvm.dll+0x1fff9d]
V  [jvm.dll+0x1ff116]
V  [jvm.dll+0x17c94b]
V  [jvm.dll+0x20c8dd]
V  [jvm.dll+0x20b6a6]
V  [jvm.dll+0x68b7ff]
V  [jvm.dll+0x59f4b0]
C  [msvcr120.dll+0x24f7f]
C  [msvcr120.dll+0x25126]
C  [KERNEL32.DLL+0x181f4]
C  [ntdll.dll+0x6a251]


---------------  P R O C E S S  ---------------

Threads class SMR info:
_java_thread_list=0x000002567d393260, length=23, elements={
0x0000025667f5b800, 0x000002567b356800, 0x000002567b364000, 0x00000256782b9000,
0x000002567b3b5800, 0x000002567b3c0000, 0x000002567b3c1000, 0x000002567b3c5000,
0x000002567b3d1800, 0x000002567b3e2800, 0x000002567bb67800, 0x000002567bafc800,
0x000002567b986800, 0x000002567ba14000, 0x000002567bf68800, 0x000002567c156000,
0x000002561188d000, 0x0000025611fa8800, 0x00000256118e5800, 0x0000025611ef5000,
0x000002567cd4a800, 0x000002567cab3000, 0x000002567f80b000
}

Java Threads: ( => current thread )
  0x0000025667f5b800 JavaThread "main" [_thread_in_vm, id=16564, stack(0x000000ddb4900000,0x000000ddb4a00000)]
  0x000002567b356800 JavaThread "Reference Handler" daemon [_thread_blocked, id=8700, stack(0x000000ddb5f00000,0x000000ddb6000000)]
  0x000002567b364000 JavaThread "Finalizer" daemon [_thread_blocked, id=9084, stack(0x000000ddb6000000,0x000000ddb6100000)]
  0x00000256782b9000 JavaThread "Signal Dispatcher" daemon [_thread_blocked, id=15236, stack(0x000000ddb6100000,0x000000ddb6200000)]
  0x000002567b3b5800 JavaThread "Attach Listener" daemon [_thread_blocked, id=18856, stack(0x000000ddb6200000,0x000000ddb6300000)]
=>0x000002567b3c0000 JavaThread "C2 CompilerThread0" daemon [_thread_in_native, id=16972, stack(0x000000ddb6300000,0x000000ddb6400000)]
  0x000002567b3c1000 JavaThread "C2 CompilerThread1" daemon [_thread_in_native, id=12996, stack(0x000000ddb6400000,0x000000ddb6500000)]
  0x000002567b3c5000 JavaThread "C2 CompilerThread2" daemon [_thread_in_native, id=8252, stack(0x000000ddb6500000,0x000000ddb6600000)]
  0x000002567b3d1800 JavaThread "C1 CompilerThread3" daemon [_thread_blocked, id=12432, stack(0x000000ddb6600000,0x000000ddb6700000)]
  0x000002567b3e2800 JavaThread "Sweeper thread" daemon [_thread_blocked, id=12292, stack(0x000000ddb6700000,0x000000ddb6800000)]
  0x000002567bb67800 JavaThread "JDWP Transport Listener: dt_socket" daemon [_thread_blocked, id=15368, stack(0x000000ddb6800000,0x000000ddb6900000)]
  0x000002567bafc800 JavaThread "JDWP Event Helper Thread" daemon [_thread_blocked, id=16648, stack(0x000000ddb6900000,0x000000ddb6a00000)]
  0x000002567b986800 JavaThread "JDWP Command Reader" daemon [_thread_in_native, id=7572, stack(0x000000ddb6a00000,0x000000ddb6b00000)]
  0x000002567ba14000 JavaThread "Common-Cleaner" daemon [_thread_blocked, id=6600, stack(0x000000ddb6b00000,0x000000ddb6c00000)]
  0x000002567bf68800 JavaThread "Service Thread" daemon [_thread_blocked, id=19652, stack(0x000000ddb6c00000,0x000000ddb6d00000)]
  0x000002567c156000 JavaThread "ReaderThread" [_thread_in_native, id=14136, stack(0x000000ddb6e00000,0x000000ddb6f00000)]
  0x000002561188d000 JavaThread "Catalina-utility-1" [_thread_blocked, id=16556, stack(0x000000ddb6f00000,0x000000ddb7000000)]
  0x0000025611fa8800 JavaThread "Catalina-utility-2" [_thread_blocked, id=21472, stack(0x000000ddb7000000,0x000000ddb7100000)]
  0x00000256118e5800 JavaThread "container-0" [_thread_blocked, id=12312, stack(0x000000ddb7100000,0x000000ddb7200000)]
  0x0000025611ef5000 JavaThread "mysql-cj-abandoned-connection-cleanup" daemon [_thread_blocked, id=11032, stack(0x000000ddb7200000,0x000000ddb7300000)]
  0x000002567cd4a800 JavaThread "MVStore background writer nio:C:/Users/Cassiano/h2db.mv.db" daemon [_thread_blocked, id=11560, stack(0x000000ddb7400000,0x000000ddb7500000)]
  0x000002567cab3000 JavaThread "HikariPool-1 housekeeper" daemon [_thread_blocked, id=20368, stack(0x000000ddb7300000,0x000000ddb7400000)]
  0x000002567f80b000 JavaThread "HikariPool-1 connection adder" daemon [_thread_blocked, id=13916, stack(0x000000ddb7500000,0x000000ddb7600000)]

Other Threads:
  0x000002567b350800 VMThread "VM Thread" [stack: 0x000000ddb5e00000,0x000000ddb5f00000] [id=12680]
  0x000002567b74d000 WatcherThread [stack: 0x000000ddb6d00000,0x000000ddb6e00000] [id=20656]
  0x0000025667f75800 GCTaskThread "GC Thread#0" [stack: 0x000000ddb4a00000,0x000000ddb4b00000] [id=1472]
  0x0000025667f76800 GCTaskThread "GC Thread#1" [stack: 0x000000ddb4b00000,0x000000ddb4c00000] [id=11808]
  0x0000025667f79000 GCTaskThread "GC Thread#2" [stack: 0x000000ddb4c00000,0x000000ddb4d00000] [id=13084]
  0x0000025667f7b000 GCTaskThread "GC Thread#3" [stack: 0x000000ddb4d00000,0x000000ddb4e00000] [id=1316]
  0x0000025667f87800 GCTaskThread "GC Thread#4" [stack: 0x000000ddb4e00000,0x000000ddb4f00000] [id=2288]
  0x0000025667f86000 GCTaskThread "GC Thread#5" [stack: 0x000000ddb4f00000,0x000000ddb5000000] [id=17104]
  0x0000025667f84000 GCTaskThread "GC Thread#6" [stack: 0x000000ddb5000000,0x000000ddb5100000] [id=4508]
  0x0000025667f85800 GCTaskThread "GC Thread#7" [stack: 0x000000ddb5100000,0x000000ddb5200000] [id=18904]
  0x0000025667ff9800 ConcurrentGCThread "G1 Main Marker" [stack: 0x000000ddb5200000,0x000000ddb5300000] [id=19912]
  0x0000025667f81000 ConcurrentGCThread "G1 Conc#0" [stack: 0x000000ddb5300000,0x000000ddb5400000] [id=18404]
  0x0000025667f83000 ConcurrentGCThread "G1 Conc#1" [stack: 0x000000ddb5400000,0x000000ddb5500000] [id=9296]
  0x0000025678142000 ConcurrentGCThread "G1 Refine#0" [stack: 0x000000ddb5500000,0x000000ddb5600000] [id=19648]
  0x0000025678142800 ConcurrentGCThread "G1 Refine#1" [stack: 0x000000ddb5600000,0x000000ddb5700000] [id=11720]
  0x0000025678143800 ConcurrentGCThread "G1 Refine#2" [stack: 0x000000ddb5700000,0x000000ddb5800000] [id=20496]
  0x000002567814b000 ConcurrentGCThread "G1 Refine#3" [stack: 0x000000ddb5800000,0x000000ddb5900000] [id=15824]
  0x000002567814c800 ConcurrentGCThread "G1 Refine#4" [stack: 0x000000ddb5900000,0x000000ddb5a00000] [id=13140]
  0x000002567814d000 ConcurrentGCThread "G1 Refine#5" [stack: 0x000000ddb5a00000,0x000000ddb5b00000] [id=14888]
  0x000002567814e800 ConcurrentGCThread "G1 Refine#6" [stack: 0x000000ddb5b00000,0x000000ddb5c00000] [id=18092]
  0x000002567814f800 ConcurrentGCThread "G1 Refine#7" [stack: 0x000000ddb5c00000,0x000000ddb5d00000] [id=1144]
  0x0000025678150000 ConcurrentGCThread "G1 Young RemSet Sampling" [stack: 0x000000ddb5d00000,0x000000ddb5e00000] [id=15152]

Threads with active compile tasks:
C2 CompilerThread06229   !   4       org.springframework.core.annotation.AnnotatedElementUtils::searchWithFindSemantics (774 bytes)
C2 CompilerThread16239       4       java.beans.Introspector::addMethod (196 bytes)
C2 CompilerThread26236       4       java.beans.MethodRef::set (58 bytes)

VM state:not at safepoint (normal execution)

VM Mutex/Monitor currently owned by a thread: None

Heap address: 0x0000000082000000, size: 2016 MB, Compressed Oops mode: 32-bit
Narrow klass base: 0x0000000000000000, Narrow klass shift: 3
Compressed class space size: 1073741824 Address: 0x0000000100000000

Heap:
 garbage-first heap   total 187392K, used 62292K [0x0000000082000000, 0x0000000100000000)
  region size 1024K, 31 young (31744K), 11 survivors (11264K)
 Metaspace       used 71450K, capacity 72816K, committed 73172K, reserved 1114112K
  class space    used 8618K, capacity 9160K, committed 9216K, reserved 1048576K
Heap Regions: E=young(eden), S=young(survivor), O=old, HS=humongous(starts), HC=humongous(continues), CS=collection set, F=free, A=archive, TS=gc time stamp, AC=allocation context, TAMS=top-at-mark-start (previous, next)
|   0|0x0000000082000000, 0x0000000082100000, 0x0000000082100000|100%|HS|  |TS  0|AC  0|TAMS 0x0000000082100000, 0x0000000082100000|
|   1|0x0000000082100000, 0x0000000082200000, 0x0000000082200000|100%| O|  |TS  0|AC  0|TAMS 0x0000000082200000, 0x0000000082200000|
|   2|0x0000000082200000, 0x0000000082300000, 0x0000000082300000|100%| O|  |TS  0|AC  0|TAMS 0x0000000082300000, 0x0000000082300000|
|   3|0x0000000082300000, 0x0000000082400000, 0x0000000082400000|100%| O|  |TS  0|AC  0|TAMS 0x0000000082400000, 0x0000000082400000|
|   4|0x0000000082400000, 0x0000000082500000, 0x0000000082500000|100%| O|  |TS  0|AC  0|TAMS 0x0000000082500000, 0x0000000082500000|
|   5|0x0000000082500000, 0x0000000082600000, 0x0000000082600000|100%| O|  |TS  0|AC  0|TAMS 0x0000000082600000, 0x0000000082600000|
|   6|0x0000000082600000, 0x0000000082700000, 0x0000000082700000|100%| O|  |TS  0|AC  0|TAMS 0x0000000082700000, 0x0000000082700000|
|   7|0x0000000082700000, 0x0000000082800000, 0x0000000082800000|100%| O|  |TS  0|AC  0|TAMS 0x0000000082800000, 0x0000000082800000|
|   8|0x0000000082800000, 0x0000000082900000, 0x0000000082900000|100%| O|  |TS  0|AC  0|TAMS 0x0000000082900000, 0x0000000082900000|
|   9|0x0000000082900000, 0x0000000082a00000, 0x0000000082a00000|100%| O|  |TS  0|AC  0|TAMS 0x0000000082a00000, 0x0000000082a00000|
|  10|0x0000000082a00000, 0x0000000082b00000, 0x0000000082b00000|100%| O|  |TS  0|AC  0|TAMS 0x0000000082b00000, 0x0000000082b00000|
|  11|0x0000000082b00000, 0x0000000082c00000, 0x0000000082c00000|100%| O|  |TS  0|AC  0|TAMS 0x0000000082c00000, 0x0000000082c00000|
|  12|0x0000000082c00000, 0x0000000082d00000, 0x0000000082d00000|100%| O|  |TS  0|AC  0|TAMS 0x0000000082d00000, 0x0000000082d00000|
|  13|0x0000000082d00000, 0x0000000082e00000, 0x0000000082e00000|100%| O|  |TS  0|AC  0|TAMS 0x0000000082e00000, 0x0000000082e00000|
|  14|0x0000000082e00000, 0x0000000082f00000, 0x0000000082f00000|100%| O|  |TS  0|AC  0|TAMS 0x0000000082f00000, 0x0000000082f00000|
|  15|0x0000000082f00000, 0x0000000083000000, 0x0000000083000000|100%| O|  |TS  0|AC  0|TAMS 0x0000000083000000, 0x0000000083000000|
|  16|0x0000000083000000, 0x0000000083100000, 0x0000000083100000|100%| O|  |TS  0|AC  0|TAMS 0x0000000083100000, 0x0000000083100000|
|  17|0x0000000083100000, 0x0000000083200000, 0x0000000083200000|100%| O|  |TS  0|AC  0|TAMS 0x0000000083200000, 0x0000000083200000|
|  18|0x0000000083200000, 0x0000000083300000, 0x0000000083300000|100%| O|  |TS  0|AC  0|TAMS 0x0000000083300000, 0x0000000083300000|
|  19|0x0000000083300000, 0x0000000083400000, 0x0000000083400000|100%| O|  |TS  0|AC  0|TAMS 0x0000000083400000, 0x0000000083400000|
|  20|0x0000000083400000, 0x0000000083500000, 0x0000000083500000|100%| O|  |TS  0|AC  0|TAMS 0x0000000083500000, 0x0000000083500000|
|  21|0x0000000083500000, 0x0000000083600000, 0x0000000083600000|100%| O|  |TS  0|AC  0|TAMS 0x0000000083600000, 0x0000000083600000|
|  22|0x0000000083600000, 0x0000000083700000, 0x0000000083700000|100%| O|  |TS  0|AC  0|TAMS 0x0000000083700000, 0x0000000083700000|
|  23|0x0000000083700000, 0x0000000083800000, 0x0000000083800000|100%| O|  |TS  0|AC  0|TAMS 0x0000000083800000, 0x0000000083800000|
|  24|0x0000000083800000, 0x0000000083900000, 0x0000000083900000|100%| O|  |TS  0|AC  0|TAMS 0x0000000083900000, 0x0000000083900000|
|  25|0x0000000083900000, 0x0000000083a00000, 0x0000000083a00000|100%| O|  |TS  3|AC  0|TAMS 0x0000000083938a00, 0x0000000083938a00|
|  26|0x0000000083a00000, 0x0000000083b00000, 0x0000000083b00000|100%|HS|  |TS  0|AC  0|TAMS 0x0000000083a00000, 0x0000000083a00000|
|  27|0x0000000083b00000, 0x0000000083c00000, 0x0000000083c00000|100%|HC|  |TS  0|AC  0|TAMS 0x0000000083b00000, 0x0000000083b00000|
|  28|0x0000000083c00000, 0x0000000083d00000, 0x0000000083d00000|100%| O|  |TS  3|AC  0|TAMS 0x0000000083c00000, 0x0000000083c00000|
|  29|0x0000000083d00000, 0x0000000083e00000, 0x0000000083e00000|100%| O|  |TS  3|AC  0|TAMS 0x0000000083d00000, 0x0000000083d00000|
|  30|0x0000000083e00000, 0x0000000083f00000, 0x0000000083f00000|100%| O|  |TS  3|AC  0|TAMS 0x0000000083e00000, 0x0000000083e00000|
|  31|0x0000000083f00000, 0x0000000083f65600, 0x0000000084000000| 39%| O|  |TS  3|AC  0|TAMS 0x0000000083f00000, 0x0000000083f00000|
|  32|0x0000000084000000, 0x0000000084000000, 0x0000000084100000|  0%| F|  |TS  0|AC  0|TAMS 0x0000000084000000, 0x0000000084000000|
|  33|0x0000000084100000, 0x0000000084100000, 0x0000000084200000|  0%| F|  |TS  0|AC  0|TAMS 0x0000000084100000, 0x0000000084100000|
|  34|0x0000000084200000, 0x0000000084200000, 0x0000000084300000|  0%| F|  |TS  0|AC  0|TAMS 0x0000000084200000, 0x0000000084200000|
|  35|0x0000000084300000, 0x0000000084300000, 0x0000000084400000|  0%| F|  |TS  0|AC  0|TAMS 0x0000000084300000, 0x0000000084300000|
|  36|0x0000000084400000, 0x0000000084400000, 0x0000000084500000|  0%| F|  |TS  0|AC  0|TAMS 0x0000000084400000, 0x0000000084400000|
|  37|0x0000000084500000, 0x0000000084500000, 0x0000000084600000|  0%| F|  |TS  0|AC  0|TAMS 0x0000000084500000, 0x0000000084500000|
|  38|0x0000000084600000, 0x0000000084600000, 0x0000000084700000|  0%| F|  |TS  0|AC  0|TAMS 0x0000000084600000, 0x0000000084600000|
|  39|0x0000000084700000, 0x0000000084700000, 0x0000000084800000|  0%| F|  |TS  0|AC  0|TAMS 0x0000000084700000, 0x0000000084700000|
|  40|0x0000000084800000, 0x0000000084800000, 0x0000000084900000|  0%| F|  |TS  0|AC  0|TAMS 0x0000000084800000, 0x0000000084800000|
|  41|0x0000000084900000, 0x0000000084900000, 0x0000000084a00000|  0%| F|  |TS  0|AC  0|TAMS 0x0000000084900000, 0x0000000084900000|
|  42|0x0000000084a00000, 0x0000000084a00000, 0x0000000084b00000|  0%| F|  |TS  0|AC  0|TAMS 0x0000000084a00000, 0x0000000084a00000|
|  43|0x0000000084b00000, 0x0000000084b00000, 0x0000000084c00000|  0%| F|  |TS  0|AC  0|TAMS 0x0000000084b00000, 0x0000000084b00000|
|  44|0x0000000084c00000, 0x0000000084c00000, 0x0000000084d00000|  0%| F|  |TS  0|AC  0|TAMS 0x0000000084c00000, 0x0000000084c00000|
|  45|0x0000000084d00000, 0x0000000084d00000, 0x0000000084e00000|  0%| F|  |TS  0|AC  0|TAMS 0x0000000084d00000, 0x0000000084d00000|
|  46|0x0000000084e00000, 0x0000000084e00000, 0x0000000084f00000|  0%| F|  |TS  0|AC  0|TAMS 0x0000000084e00000, 0x0000000084e00000|
|  47|0x0000000084f00000, 0x0000000084f00000, 0x0000000085000000|  0%| F|  |TS  0|AC  0|TAMS 0x0000000084f00000, 0x0000000084f00000|
|  48|0x0000000085000000, 0x0000000085000000, 0x0000000085100000|  0%| F|  |TS  0|AC  0|TAMS 0x0000000085000000, 0x0000000085000000|
|  49|0x0000000085100000, 0x0000000085100000, 0x0000000085200000|  0%| F|  |TS  0|AC  0|TAMS 0x0000000085100000, 0x0000000085100000|
|  50|0x0000000085200000, 0x0000000085200000, 0x0000000085300000|  0%| F|  |TS  0|AC  0|TAMS 0x0000000085200000, 0x0000000085200000|
|  51|0x0000000085300000, 0x0000000085300000, 0x0000000085400000|  0%| F|  |TS  0|AC  0|TAMS 0x0000000085300000, 0x0000000085300000|
|  52|0x0000000085400000, 0x0000000085400000, 0x0000000085500000|  0%| F|  |TS  0|AC  0|TAMS 0x0000000085400000, 0x0000000085400000|
|  53|0x0000000085500000, 0x0000000085500000, 0x0000000085600000|  0%| F|  |TS  0|AC  0|TAMS 0x0000000085500000, 0x0000000085500000|
|  54|0x0000000085600000, 0x0000000085600000, 0x0000000085700000|  0%| F|  |TS  0|AC  0|TAMS 0x0000000085600000, 0x0000000085600000|
|  55|0x0000000085700000, 0x0000000085700000, 0x0000000085800000|  0%| F|  |TS  0|AC  0|TAMS 0x0000000085700000, 0x0000000085700000|
|  56|0x0000000085800000, 0x0000000085800000, 0x0000000085900000|  0%| F|  |TS  0|AC  0|TAMS 0x0000000085800000, 0x0000000085800000|
|  57|0x0000000085900000, 0x0000000085900000, 0x0000000085a00000|  0%| F|  |TS  0|AC  0|TAMS 0x0000000085900000, 0x0000000085900000|
|  58|0x0000000085a00000, 0x0000000085a00000, 0x0000000085b00000|  0%| F|  |TS  0|AC  0|TAMS 0x0000000085a00000, 0x0000000085a00000|
|  59|0x0000000085b00000, 0x0000000085b00000, 0x0000000085c00000|  0%| F|  |TS  0|AC  0|TAMS 0x0000000085b00000, 0x0000000085b00000|
|  60|0x0000000085c00000, 0x0000000085c00000, 0x0000000085d00000|  0%| F|  |TS  0|AC  0|TAMS 0x0000000085c00000, 0x0000000085c00000|
|  61|0x0000000085d00000, 0x0000000085d00000, 0x0000000085e00000|  0%| F|  |TS  0|AC  0|TAMS 0x0000000085d00000, 0x0000000085d00000|
|  62|0x0000000085e00000, 0x0000000085e00000, 0x0000000085f00000|  0%| F|  |TS  0|AC  0|TAMS 0x0000000085e00000, 0x0000000085e00000|
|  63|0x0000000085f00000, 0x0000000085f00000, 0x0000000086000000|  0%| F|  |TS  3|AC  0|TAMS 0x0000000085f00000, 0x0000000085f00000|
|  64|0x0000000086000000, 0x0000000086000000, 0x0000000086100000|  0%| F|  |TS  3|AC  0|TAMS 0x0000000086000000, 0x0000000086000000|
|  65|0x0000000086100000, 0x0000000086100000, 0x0000000086200000|  0%| F|  |TS  3|AC  0|TAMS 0x0000000086100000, 0x0000000086100000|
|  66|0x0000000086200000, 0x0000000086200000, 0x0000000086300000|  0%| F|  |TS  3|AC  0|TAMS 0x0000000086200000, 0x0000000086200000|
|  67|0x0000000086300000, 0x000000008636fcf0, 0x0000000086400000| 43%| S|CS|TS  3|AC  0|TAMS 0x0000000086300000, 0x0000000086300000|
|  68|0x0000000086400000, 0x0000000086500000, 0x0000000086500000|100%| S|CS|TS  3|AC  0|TAMS 0x0000000086400000, 0x0000000086400000|
|  69|0x0000000086500000, 0x0000000086600000, 0x0000000086600000|100%| S|CS|TS  3|AC  0|TAMS 0x0000000086500000, 0x0000000086500000|
|  70|0x0000000086600000, 0x0000000086700000, 0x0000000086700000|100%| S|CS|TS  3|AC  0|TAMS 0x0000000086600000, 0x0000000086600000|
|  71|0x0000000086700000, 0x0000000086800000, 0x0000000086800000|100%| S|CS|TS  3|AC  0|TAMS 0x0000000086700000, 0x0000000086700000|
|  72|0x0000000086800000, 0x0000000086900000, 0x0000000086900000|100%| S|CS|TS  3|AC  0|TAMS 0x0000000086800000, 0x0000000086800000|
|  73|0x0000000086900000, 0x0000000086a00000, 0x0000000086a00000|100%| S|CS|TS  3|AC  0|TAMS 0x0000000086900000, 0x0000000086900000|
|  74|0x0000000086a00000, 0x0000000086a00000, 0x0000000086b00000|  0%| F|  |TS  3|AC  0|TAMS 0x0000000086a00000, 0x0000000086a00000|
|  75|0x0000000086b00000, 0x0000000086b00000, 0x0000000086c00000|  0%| F|  |TS  3|AC  0|TAMS 0x0000000086b00000, 0x0000000086b00000|
|  76|0x0000000086c00000, 0x0000000086c00000, 0x0000000086d00000|  0%| F|  |TS  3|AC  0|TAMS 0x0000000086c00000, 0x0000000086c00000|
|  77|0x0000000086d00000, 0x0000000086d00000, 0x0000000086e00000|  0%| F|  |TS  3|AC  0|TAMS 0x0000000086d00000, 0x0000000086d00000|
|  78|0x0000000086e00000, 0x0000000086e00000, 0x0000000086f00000|  0%| F|  |TS  3|AC  0|TAMS 0x0000000086e00000, 0x0000000086e00000|
|  79|0x0000000086f00000, 0x0000000086f00000, 0x0000000087000000|  0%| F|  |TS  3|AC  0|TAMS 0x0000000086f00000, 0x0000000086f00000|
|  80|0x0000000087000000, 0x0000000087000000, 0x0000000087100000|  0%| F|  |TS  3|AC  0|TAMS 0x0000000087000000, 0x0000000087000000|
|  81|0x0000000087100000, 0x0000000087200000, 0x0000000087200000|100%| S|CS|TS  3|AC  0|TAMS 0x0000000087100000, 0x0000000087100000|
|  82|0x0000000087200000, 0x0000000087300000, 0x0000000087300000|100%| S|CS|TS  3|AC  0|TAMS 0x0000000087200000, 0x0000000087200000|
|  83|0x0000000087300000, 0x0000000087400000, 0x0000000087400000|100%| S|CS|TS  3|AC  0|TAMS 0x0000000087300000, 0x0000000087300000|
|  84|0x0000000087400000, 0x0000000087500000, 0x0000000087500000|100%| S|CS|TS  3|AC  0|TAMS 0x0000000087400000, 0x0000000087400000|
|  85|0x0000000087500000, 0x0000000087500000, 0x0000000087600000|  0%| F|  |TS  3|AC  0|TAMS 0x0000000087500000, 0x0000000087500000|
|  86|0x0000000087600000, 0x0000000087600000, 0x0000000087700000|  0%| F|  |TS  3|AC  0|TAMS 0x0000000087600000, 0x0000000087600000|
|  87|0x0000000087700000, 0x0000000087700000, 0x0000000087800000|  0%| F|  |TS  3|AC  0|TAMS 0x0000000087700000, 0x0000000087700000|
|  88|0x0000000087800000, 0x0000000087800000, 0x0000000087900000|  0%| F|  |TS  3|AC  0|TAMS 0x0000000087800000, 0x0000000087800000|
|  89|0x0000000087900000, 0x0000000087900000, 0x0000000087a00000|  0%| F|  |TS  3|AC  0|TAMS 0x0000000087900000, 0x0000000087900000|
|  90|0x0000000087a00000, 0x0000000087a00000, 0x0000000087b00000|  0%| F|  |TS  3|AC  0|TAMS 0x0000000087a00000, 0x0000000087a00000|
|  91|0x0000000087b00000, 0x0000000087b00000, 0x0000000087c00000|  0%| F|  |TS  3|AC  0|TAMS 0x0000000087b00000, 0x0000000087b00000|
|  92|0x0000000087c00000, 0x0000000087c00000, 0x0000000087d00000|  0%| F|  |TS  3|AC  0|TAMS 0x0000000087c00000, 0x0000000087c00000|
|  93|0x0000000087d00000, 0x0000000087d00000, 0x0000000087e00000|  0%| F|  |TS  3|AC  0|TAMS 0x0000000087d00000, 0x0000000087d00000|
|  94|0x0000000087e00000, 0x0000000087e00000, 0x0000000087f00000|  0%| F|  |TS  3|AC  0|TAMS 0x0000000087e00000, 0x0000000087e00000|
|  95|0x0000000087f00000, 0x0000000087f00000, 0x0000000088000000|  0%| F|  |TS  3|AC  0|TAMS 0x0000000087f00000, 0x0000000087f00000|
|  96|0x0000000088000000, 0x0000000088000000, 0x0000000088100000|  0%| F|  |TS  3|AC  0|TAMS 0x0000000088000000, 0x0000000088000000|
|  97|0x0000000088100000, 0x0000000088100000, 0x0000000088200000|  0%| F|  |TS  3|AC  0|TAMS 0x0000000088100000, 0x0000000088100000|
|  98|0x0000000088200000, 0x0000000088200000, 0x0000000088300000|  0%| F|  |TS  3|AC  0|TAMS 0x0000000088200000, 0x0000000088200000|
|  99|0x0000000088300000, 0x0000000088300000, 0x0000000088400000|  0%| F|  |TS  3|AC  0|TAMS 0x0000000088300000, 0x0000000088300000|
| 100|0x0000000088400000, 0x0000000088400000, 0x0000000088500000|  0%| F|  |TS  3|AC  0|TAMS 0x0000000088400000, 0x0000000088400000|
| 101|0x0000000088500000, 0x0000000088500000, 0x0000000088600000|  0%| F|  |TS  3|AC  0|TAMS 0x0000000088500000, 0x0000000088500000|
| 102|0x0000000088600000, 0x0000000088600000, 0x0000000088700000|  0%| F|  |TS  3|AC  0|TAMS 0x0000000088600000, 0x0000000088600000|
| 103|0x0000000088700000, 0x0000000088700000, 0x0000000088800000|  0%| F|  |TS  3|AC  0|TAMS 0x0000000088700000, 0x0000000088700000|
| 104|0x0000000088800000, 0x0000000088800000, 0x0000000088900000|  0%| F|  |TS  3|AC  0|TAMS 0x0000000088800000, 0x0000000088800000|
| 105|0x0000000088900000, 0x0000000088900000, 0x0000000088a00000|  0%| F|  |TS  3|AC  0|TAMS 0x0000000088900000, 0x0000000088900000|
| 106|0x0000000088a00000, 0x0000000088a00000, 0x0000000088b00000|  0%| F|  |TS  3|AC  0|TAMS 0x0000000088a00000, 0x0000000088a00000|
| 107|0x0000000088b00000, 0x0000000088b00000, 0x0000000088c00000|  0%| F|  |TS  3|AC  0|TAMS 0x0000000088b00000, 0x0000000088b00000|
| 108|0x0000000088c00000, 0x0000000088c00000, 0x0000000088d00000|  0%| F|  |TS  3|AC  0|TAMS 0x0000000088c00000, 0x0000000088c00000|
| 109|0x0000000088d00000, 0x0000000088d00000, 0x0000000088e00000|  0%| F|  |TS  3|AC  0|TAMS 0x0000000088d00000, 0x0000000088d00000|
| 110|0x0000000088e00000, 0x0000000088e00000, 0x0000000088f00000|  0%| F|  |TS  3|AC  0|TAMS 0x0000000088e00000, 0x0000000088e00000|
| 111|0x0000000088f00000, 0x0000000088f00000, 0x0000000089000000|  0%| F|  |TS  3|AC  0|TAMS 0x0000000088f00000, 0x0000000088f00000|
| 112|0x0000000089000000, 0x0000000089000000, 0x0000000089100000|  0%| F|  |TS  3|AC  0|TAMS 0x0000000089000000, 0x0000000089000000|
| 113|0x0000000089100000, 0x0000000089100000, 0x0000000089200000|  0%| F|  |TS  3|AC  0|TAMS 0x0000000089100000, 0x0000000089100000|
| 114|0x0000000089200000, 0x0000000089200000, 0x0000000089300000|  0%| F|  |TS  3|AC  0|TAMS 0x0000000089200000, 0x0000000089200000|
| 115|0x0000000089300000, 0x0000000089300000, 0x0000000089400000|  0%| F|  |TS  3|AC  0|TAMS 0x0000000089300000, 0x0000000089300000|
| 116|0x0000000089400000, 0x0000000089400000, 0x0000000089500000|  0%| F|  |TS  3|AC  0|TAMS 0x0000000089400000, 0x0000000089400000|
| 117|0x0000000089500000, 0x0000000089500000, 0x0000000089600000|  0%| F|  |TS  3|AC  0|TAMS 0x0000000089500000, 0x0000000089500000|
| 118|0x0000000089600000, 0x0000000089600000, 0x0000000089700000|  0%| F|  |TS  3|AC  0|TAMS 0x0000000089600000, 0x0000000089600000|
| 119|0x0000000089700000, 0x0000000089700000, 0x0000000089800000|  0%| F|  |TS  3|AC  0|TAMS 0x0000000089700000, 0x0000000089700000|
| 120|0x0000000089800000, 0x0000000089800000, 0x0000000089900000|  0%| F|  |TS  3|AC  0|TAMS 0x0000000089800000, 0x0000000089800000|
| 121|0x0000000089900000, 0x0000000089900000, 0x0000000089a00000|  0%| F|  |TS  3|AC  0|TAMS 0x0000000089900000, 0x0000000089900000|
| 122|0x0000000089a00000, 0x0000000089a00000, 0x0000000089b00000|  0%| F|  |TS  3|AC  0|TAMS 0x0000000089a00000, 0x0000000089a00000|
| 123|0x0000000089b00000, 0x0000000089b00000, 0x0000000089c00000|  0%| F|  |TS  3|AC  0|TAMS 0x0000000089b00000, 0x0000000089b00000|
| 124|0x0000000089c00000, 0x0000000089c00000, 0x0000000089d00000|  0%| F|  |TS  3|AC  0|TAMS 0x0000000089c00000, 0x0000000089c00000|
| 125|0x0000000089d00000, 0x0000000089d00000, 0x0000000089e00000|  0%| F|  |TS  3|AC  0|TAMS 0x0000000089d00000, 0x0000000089d00000|
| 126|0x0000000089e00000, 0x0000000089e00000, 0x0000000089f00000|  0%| F|  |TS  3|AC  0|TAMS 0x0000000089e00000, 0x0000000089e00000|
| 127|0x0000000089f00000, 0x0000000089f00000, 0x000000008a000000|  0%| F|  |TS  3|AC  0|TAMS 0x0000000089f00000, 0x0000000089f00000|
| 128|0x000000008a000000, 0x000000008a000000, 0x000000008a100000|  0%| F|  |TS  3|AC  0|TAMS 0x000000008a000000, 0x000000008a000000|
| 129|0x000000008a100000, 0x000000008a100000, 0x000000008a200000|  0%| F|  |TS  3|AC  0|TAMS 0x000000008a100000, 0x000000008a100000|
| 130|0x000000008a200000, 0x000000008a200000, 0x000000008a300000|  0%| F|  |TS  3|AC  0|TAMS 0x000000008a200000, 0x000000008a200000|
| 131|0x000000008a300000, 0x000000008a300000, 0x000000008a400000|  0%| F|  |TS  3|AC  0|TAMS 0x000000008a300000, 0x000000008a300000|
| 132|0x000000008a400000, 0x000000008a400000, 0x000000008a500000|  0%| F|  |TS  3|AC  0|TAMS 0x000000008a400000, 0x000000008a400000|
| 133|0x000000008a500000, 0x000000008a500000, 0x000000008a600000|  0%| F|  |TS  3|AC  0|TAMS 0x000000008a500000, 0x000000008a500000|
| 134|0x000000008a600000, 0x000000008a600000, 0x000000008a700000|  0%| F|  |TS  3|AC  0|TAMS 0x000000008a600000, 0x000000008a600000|
| 135|0x000000008a700000, 0x000000008a700000, 0x000000008a800000|  0%| F|  |TS  3|AC  0|TAMS 0x000000008a700000, 0x000000008a700000|
| 136|0x000000008a800000, 0x000000008a800000, 0x000000008a900000|  0%| F|  |TS  3|AC  0|TAMS 0x000000008a800000, 0x000000008a800000|
| 137|0x000000008a900000, 0x000000008a900000, 0x000000008aa00000|  0%| F|  |TS  3|AC  0|TAMS 0x000000008a900000, 0x000000008a900000|
| 138|0x000000008aa00000, 0x000000008aa00000, 0x000000008ab00000|  0%| F|  |TS  3|AC  0|TAMS 0x000000008aa00000, 0x000000008aa00000|
| 139|0x000000008ab00000, 0x000000008ab00000, 0x000000008ac00000|  0%| F|  |TS  3|AC  0|TAMS 0x000000008ab00000, 0x000000008ab00000|
| 140|0x000000008ac00000, 0x000000008ac00000, 0x000000008ad00000|  0%| F|  |TS  3|AC  0|TAMS 0x000000008ac00000, 0x000000008ac00000|
| 141|0x000000008ad00000, 0x000000008ad00000, 0x000000008ae00000|  0%| F|  |TS  3|AC  0|TAMS 0x000000008ad00000, 0x000000008ad00000|
| 142|0x000000008ae00000, 0x000000008ae00000, 0x000000008af00000|  0%| F|  |TS  3|AC  0|TAMS 0x000000008ae00000, 0x000000008ae00000|
| 143|0x000000008af00000, 0x000000008af00000, 0x000000008b000000|  0%| F|  |TS  3|AC  0|TAMS 0x000000008af00000, 0x000000008af00000|
| 144|0x000000008b000000, 0x000000008b000000, 0x000000008b100000|  0%| F|  |TS  3|AC  0|TAMS 0x000000008b000000, 0x000000008b000000|
| 145|0x000000008b100000, 0x000000008b100000, 0x000000008b200000|  0%| F|  |TS  3|AC  0|TAMS 0x000000008b100000, 0x000000008b100000|
| 146|0x000000008b200000, 0x000000008b200000, 0x000000008b300000|  0%| F|  |TS  3|AC  0|TAMS 0x000000008b200000, 0x000000008b200000|
| 147|0x000000008b300000, 0x000000008b300000, 0x000000008b400000|  0%| F|  |TS  3|AC  0|TAMS 0x000000008b300000, 0x000000008b300000|
| 148|0x000000008b400000, 0x000000008b400000, 0x000000008b500000|  0%| F|  |TS  3|AC  0|TAMS 0x000000008b400000, 0x000000008b400000|
| 149|0x000000008b500000, 0x000000008b500000, 0x000000008b600000|  0%| F|  |TS  3|AC  0|TAMS 0x000000008b500000, 0x000000008b500000|
| 150|0x000000008b600000, 0x000000008b600000, 0x000000008b700000|  0%| F|  |TS  3|AC  0|TAMS 0x000000008b600000, 0x000000008b600000|
| 151|0x000000008b700000, 0x000000008b700000, 0x000000008b800000|  0%| F|  |TS  3|AC  0|TAMS 0x000000008b700000, 0x000000008b700000|
| 152|0x000000008b800000, 0x000000008b800000, 0x000000008b900000|  0%| F|  |TS  3|AC  0|TAMS 0x000000008b800000, 0x000000008b800000|
| 153|0x000000008b900000, 0x000000008b900000, 0x000000008ba00000|  0%| F|  |TS  3|AC  0|TAMS 0x000000008b900000, 0x000000008b900000|
| 154|0x000000008ba00000, 0x000000008ba00000, 0x000000008bb00000|  0%| F|  |TS  3|AC  0|TAMS 0x000000008ba00000, 0x000000008ba00000|
| 155|0x000000008bb00000, 0x000000008bb00000, 0x000000008bc00000|  0%| F|  |TS  3|AC  0|TAMS 0x000000008bb00000, 0x000000008bb00000|
| 156|0x000000008bc00000, 0x000000008bc00000, 0x000000008bd00000|  0%| F|  |TS  3|AC  0|TAMS 0x000000008bc00000, 0x000000008bc00000|
| 157|0x000000008bd00000, 0x000000008bd00000, 0x000000008be00000|  0%| F|  |TS  3|AC  0|TAMS 0x000000008bd00000, 0x000000008bd00000|
| 158|0x000000008be00000, 0x000000008be00000, 0x000000008bf00000|  0%| F|  |TS  3|AC  0|TAMS 0x000000008be00000, 0x000000008be00000|
| 159|0x000000008bf00000, 0x000000008bf00000, 0x000000008c000000|  0%| F|  |TS  3|AC  0|TAMS 0x000000008bf00000, 0x000000008bf00000|
| 160|0x000000008c000000, 0x000000008c000000, 0x000000008c100000|  0%| F|  |TS  3|AC  0|TAMS 0x000000008c000000, 0x000000008c000000|
| 161|0x000000008c100000, 0x000000008c180800, 0x000000008c200000| 50%| E|  |TS  3|AC  0|TAMS 0x000000008c100000, 0x000000008c100000|
| 162|0x000000008c200000, 0x000000008c300000, 0x000000008c300000|100%| E|CS|TS  3|AC  0|TAMS 0x000000008c200000, 0x000000008c200000|
| 163|0x000000008c300000, 0x000000008c400000, 0x000000008c400000|100%| E|CS|TS  3|AC  0|TAMS 0x000000008c300000, 0x000000008c300000|
| 164|0x000000008c400000, 0x000000008c500000, 0x000000008c500000|100%| E|CS|TS  3|AC  0|TAMS 0x000000008c400000, 0x000000008c400000|
| 165|0x000000008c500000, 0x000000008c600000, 0x000000008c600000|100%| E|CS|TS  3|AC  0|TAMS 0x000000008c500000, 0x000000008c500000|
| 166|0x000000008c600000, 0x000000008c700000, 0x000000008c700000|100%| E|CS|TS  3|AC  0|TAMS 0x000000008c600000, 0x000000008c600000|
| 167|0x000000008c700000, 0x000000008c800000, 0x000000008c800000|100%| E|CS|TS  3|AC  0|TAMS 0x000000008c700000, 0x000000008c700000|
| 168|0x000000008c800000, 0x000000008c900000, 0x000000008c900000|100%| E|CS|TS  3|AC  0|TAMS 0x000000008c800000, 0x000000008c800000|
| 169|0x000000008c900000, 0x000000008ca00000, 0x000000008ca00000|100%| E|CS|TS  3|AC  0|TAMS 0x000000008c900000, 0x000000008c900000|
| 170|0x000000008ca00000, 0x000000008cb00000, 0x000000008cb00000|100%| E|CS|TS  3|AC  0|TAMS 0x000000008ca00000, 0x000000008ca00000|
| 171|0x000000008cb00000, 0x000000008cc00000, 0x000000008cc00000|100%| E|CS|TS  3|AC  0|TAMS 0x000000008cb00000, 0x000000008cb00000|
| 172|0x000000008cc00000, 0x000000008cd00000, 0x000000008cd00000|100%| E|CS|TS  3|AC  0|TAMS 0x000000008cc00000, 0x000000008cc00000|
| 173|0x000000008cd00000, 0x000000008ce00000, 0x000000008ce00000|100%| E|CS|TS  3|AC  0|TAMS 0x000000008cd00000, 0x000000008cd00000|
| 174|0x000000008ce00000, 0x000000008cf00000, 0x000000008cf00000|100%| E|CS|TS  3|AC  0|TAMS 0x000000008ce00000, 0x000000008ce00000|
| 175|0x000000008cf00000, 0x000000008d000000, 0x000000008d000000|100%| E|CS|TS  3|AC  0|TAMS 0x000000008cf00000, 0x000000008cf00000|
| 176|0x000000008d000000, 0x000000008d100000, 0x000000008d100000|100%| E|CS|TS  3|AC  0|TAMS 0x000000008d000000, 0x000000008d000000|
| 177|0x000000008d100000, 0x000000008d200000, 0x000000008d200000|100%| E|CS|TS  3|AC  0|TAMS 0x000000008d100000, 0x000000008d100000|
| 178|0x000000008d200000, 0x000000008d300000, 0x000000008d300000|100%| E|CS|TS  3|AC  0|TAMS 0x000000008d200000, 0x000000008d200000|
| 179|0x000000008d300000, 0x000000008d400000, 0x000000008d400000|100%| E|CS|TS  3|AC  0|TAMS 0x000000008d300000, 0x000000008d300000|
| 180|0x000000008d400000, 0x000000008d500000, 0x000000008d500000|100%| E|CS|TS  3|AC  0|TAMS 0x000000008d400000, 0x000000008d400000|
| 181|0x000000008d500000, 0x000000008d600000, 0x000000008d600000|100%| E|CS|TS  3|AC  0|TAMS 0x000000008d500000, 0x000000008d500000|
| 182|0x000000008d600000, 0x000000008d700000, 0x000000008d700000|100%| E|CS|TS  3|AC  0|TAMS 0x000000008d600000, 0x000000008d600000|

Card table byte_map: [0x00000256739e0000,0x0000025673dd0000] byte_map_base: 0x00000256735d0000

Marking Bits (Prev, Next): (CMBitMap*) 0x0000025667ff8ce8, (CMBitMap*) 0x0000025667ff8cb0
 Prev Bits: [0x0000025676140000, 0x00000256780c0000)
 Next Bits: [0x00000256741c0000, 0x0000025676140000)

Polling page: 0x0000025665de0000

CodeHeap 'non-profiled nmethods': size=120000Kb used=6350Kb max_used=6350Kb free=113649Kb
 bounds [0x0000025607ad0000, 0x0000025608110000, 0x000002560f000000]
CodeHeap 'profiled nmethods': size=120000Kb used=16252Kb max_used=16252Kb free=103747Kb
 bounds [0x00000256005a0000, 0x0000025601590000, 0x0000025607ad0000]
CodeHeap 'non-nmethods': size=5760Kb used=1309Kb max_used=1457Kb free=4450Kb
 bounds [0x0000025600000000, 0x0000025600270000, 0x00000256005a0000]
 total_blobs=8383 nmethods=5948 adapters=522
 compilation: enabled

Compilation events (10 events):
Event: 9.865 Thread 0x000002567b3d1800 6272       1       org.springframework.boot.context.properties.bind.Binder$Context::getConverter (5 bytes)
Event: 9.865 Thread 0x000002567b3d1800 nmethod 6272 0x00000256080dd590 code [0x00000256080dd740, 0x00000256080dd858]
Event: 9.865 Thread 0x000002567b3d1800 6273       1       org.springframework.boot.context.properties.bind.Bindable::getAnnotations (5 bytes)
Event: 9.865 Thread 0x000002567b3d1800 nmethod 6273 0x00000256080dd910 code [0x00000256080ddac0, 0x00000256080ddbd8]
Event: 9.865 Thread 0x000002567b3d1800 6274       3       org.springframework.asm.MethodVisitor::visitTryCatchBlock (20 bytes)
Event: 9.866 Thread 0x000002567b3d1800 nmethod 6274 0x000002560155b890 code [0x000002560155ba60, 0x000002560155bcf0]
Event: 9.877 Thread 0x000002567b3d1800 6275       3       java.lang.Math::max (12 bytes)
Event: 9.878 Thread 0x000002567b3d1800 nmethod 6275 0x000002560155be10 code [0x000002560155bfc0, 0x000002560155c158]
Event: 9.894 Thread 0x000002567b3d1800 6276       3       org.springframework.beans.factory.support.AbstractAutowireCapableBeanFactory::resolveBeforeInstantiation (83 bytes)
Event: 9.895 Thread 0x000002567b3d1800 nmethod 6276 0x000002560155c210 code [0x000002560155c440, 0x000002560155cef0]

GC Heap History (10 events):
Event: 6.274 GC heap before
{Heap before GC invocations=12 (full 0):
 garbage-first heap   total 155648K, used 112102K [0x0000000082000000, 0x0000000100000000)
  region size 1024K, 91 young (93184K), 9 survivors (9216K)
 Metaspace       used 51844K, capacity 52853K, committed 53120K, reserved 1095680K
  class space    used 5858K, capacity 6253K, committed 6272K, reserved 1048576K
}
Event: 6.281 GC heap after
{Heap after GC invocations=13 (full 0):
 garbage-first heap   total 187392K, used 29500K [0x0000000082000000, 0x0000000100000000)
  region size 1024K, 4 young (4096K), 4 survivors (4096K)
 Metaspace       used 51844K, capacity 52853K, committed 53120K, reserved 1095680K
  class space    used 5858K, capacity 6253K, committed 6272K, reserved 1048576K
}
Event: 7.015 GC heap before
{Heap before GC invocations=13 (full 0):
 garbage-first heap   total 187392K, used 121660K [0x0000000082000000, 0x0000000100000000)
  region size 1024K, 95 young (97280K), 4 survivors (4096K)
 Metaspace       used 58878K, capacity 59880K, committed 60288K, reserved 1101824K
  class space    used 6880K, capacity 7291K, committed 7296K, reserved 1048576K
}
Event: 7.020 GC heap after
{Heap after GC invocations=14 (full 0):
 garbage-first heap   total 187392K, used 30377K [0x0000000082000000, 0x0000000100000000)
  region size 1024K, 5 young (5120K), 5 survivors (5120K)
 Metaspace       used 58878K, capacity 59880K, committed 60288K, reserved 1101824K
  class space    used 6880K, capacity 7291K, committed 7296K, reserved 1048576K
}
Event: 7.963 GC heap before
{Heap before GC invocations=15 (full 0):
 garbage-first heap   total 187392K, used 138921K [0x0000000082000000, 0x0000000100000000)
  region size 1024K, 109 young (111616K), 5 survivors (5120K)
 Metaspace       used 66004K, capacity 67176K, committed 67796K, reserved 1107968K
  class space    used 7928K, capacity 8391K, committed 8448K, reserved 1048576K
}
Event: 7.968 GC heap after
{Heap after GC invocations=16 (full 0):
 garbage-first heap   total 187392K, used 34626K [0x0000000082000000, 0x0000000100000000)
  region size 1024K, 7 young (7168K), 7 survivors (7168K)
 Metaspace       used 66004K, capacity 67176K, committed 67796K, reserved 1107968K
  class space    used 7928K, capacity 8391K, committed 8448K, reserved 1048576K
}
Event: 9.015 GC heap before
{Heap before GC invocations=16 (full 0):
 garbage-first heap   total 187392K, used 139074K [0x0000000082000000, 0x0000000100000000)
  region size 1024K, 109 young (111616K), 7 survivors (7168K)
 Metaspace       used 68464K, capacity 69756K, committed 70228K, reserved 1110016K
  class space    used 8221K, capacity 8749K, committed 8832K, reserved 1048576K
}
Event: 9.022 GC heap after
{Heap after GC invocations=17 (full 0):
 garbage-first heap   total 187392K, used 38542K [0x0000000082000000, 0x0000000100000000)
  region size 1024K, 11 young (11264K), 11 survivors (11264K)
 Metaspace       used 68464K, capacity 69756K, committed 70228K, reserved 1110016K
  class space    used 8221K, capacity 8749K, committed 8832K, reserved 1048576K
}
Event: 9.910 GC heap before
{Heap before GC invocations=17 (full 0):
 garbage-first heap   total 187392K, used 138894K [0x0000000082000000, 0x0000000100000000)
  region size 1024K, 109 young (111616K), 11 survivors (11264K)
 Metaspace       used 70538K, capacity 71837K, committed 72276K, reserved 1112064K
  class space    used 8494K, capacity 9025K, committed 9088K, reserved 1048576K
}
Event: 9.922 GC heap after
{Heap after GC invocations=18 (full 0):
 garbage-first heap   total 187392K, used 42836K [0x0000000082000000, 0x0000000100000000)
  region size 1024K, 11 young (11264K), 11 survivors (11264K)
 Metaspace       used 70538K, capacity 71837K, committed 72276K, reserved 1112064K
  class space    used 8494K, capacity 9025K, committed 9088K, reserved 1048576K
}

Deoptimization events (10 events):
Event: 9.948 Thread 0x0000025667f5b800 Uncommon trap: reason=unhandled action=none pc=0x0000025607f27e5c method=jdk.internal.loader.BuiltinClassLoader.loadClass(Ljava/lang/String;Z)Ljava/lang/Class; @ 19 c2
Event: 9.949 Thread 0x0000025667f5b800 Uncommon trap: reason=unhandled action=none pc=0x0000025607f27e5c method=jdk.internal.loader.BuiltinClassLoader.loadClass(Ljava/lang/String;Z)Ljava/lang/Class; @ 19 c2
Event: 9.949 Thread 0x0000025667f5b800 Uncommon trap: reason=unhandled action=none pc=0x0000025607f27e5c method=jdk.internal.loader.BuiltinClassLoader.loadClass(Ljava/lang/String;Z)Ljava/lang/Class; @ 19 c2
Event: 9.949 Thread 0x0000025667f5b800 Uncommon trap: reason=unhandled action=none pc=0x0000025607f27e5c method=jdk.internal.loader.BuiltinClassLoader.loadClass(Ljava/lang/String;Z)Ljava/lang/Class; @ 19 c2
Event: 9.950 Thread 0x0000025667f5b800 Uncommon trap: reason=unhandled action=none pc=0x0000025607f27e5c method=jdk.internal.loader.BuiltinClassLoader.loadClass(Ljava/lang/String;Z)Ljava/lang/Class; @ 19 c2
Event: 9.950 Thread 0x0000025667f5b800 Uncommon trap: reason=unhandled action=none pc=0x0000025607f27e5c method=jdk.internal.loader.BuiltinClassLoader.loadClass(Ljava/lang/String;Z)Ljava/lang/Class; @ 19 c2
Event: 9.952 Thread 0x0000025667f5b800 Uncommon trap: reason=unhandled action=none pc=0x0000025607f27e5c method=jdk.internal.loader.BuiltinClassLoader.loadClass(Ljava/lang/String;Z)Ljava/lang/Class; @ 19 c2
Event: 9.952 Thread 0x0000025667f5b800 Uncommon trap: reason=unhandled action=none pc=0x0000025607f27e5c method=jdk.internal.loader.BuiltinClassLoader.loadClass(Ljava/lang/String;Z)Ljava/lang/Class; @ 19 c2
Event: 9.953 Thread 0x0000025667f5b800 Uncommon trap: reason=unhandled action=none pc=0x0000025607f27e5c method=jdk.internal.loader.BuiltinClassLoader.loadClass(Ljava/lang/String;Z)Ljava/lang/Class; @ 19 c2
Event: 9.954 Thread 0x0000025667f5b800 Uncommon trap: reason=unhandled action=none pc=0x0000025607f27e5c method=jdk.internal.loader.BuiltinClassLoader.loadClass(Ljava/lang/String;Z)Ljava/lang/Class; @ 19 c2

Classes redefined (0 events):
No events

Internal exceptions (10 events):
Event: 9.942 Thread 0x0000025667f5b800 Exception <a 'java/lang/ClassNotFoundException'{0x000000008d524458}: org/springframework/beans/factory/BeanFactoryAwareCustomizer> (0x000000008d524458) thrown at [t:/workspace/open/src/hotspot/share/classfile/systemDictionary.cpp, line 233]
Event: 9.943 Thread 0x0000025667f5b800 Exception <a 'java/lang/ClassNotFoundException'{0x000000008d538238}: org/springframework/beans/factory/AwareCustomizer> (0x000000008d538238) thrown at [t:/workspace/open/src/hotspot/share/classfile/systemDictionary.cpp, line 233]
Event: 9.946 Thread 0x0000025667f5b800 Exception <a 'java/lang/ClassNotFoundException'{0x000000008d5f7030}: java/lang/ObjectCustomizer> (0x000000008d5f7030) thrown at [t:/workspace/open/src/hotspot/share/classfile/systemDictionary.cpp, line 233]
Event: 9.947 Thread 0x0000025667f5b800 Exception <a 'java/lang/ClassNotFoundException'{0x000000008d412218}: org/springframework/transaction/support/DefaultTransactionDefinitionCustomizer> (0x000000008d412218) thrown at [t:/workspace/open/src/hotspot/share/classfile/systemDictionary.cpp, line 2
Event: 9.948 Thread 0x0000025667f5b800 Exception <a 'java/lang/ClassNotFoundException'{0x000000008d434650}: org/springframework/transaction/support/TransactionTemplateCustomizer> (0x000000008d434650) thrown at [t:/workspace/open/src/hotspot/share/classfile/systemDictionary.cpp, line 233]
Event: 9.949 Thread 0x0000025667f5b800 Exception <a 'java/lang/ClassNotFoundException'{0x000000008d4551d8}: org/springframework/transaction/support/TransactionOperationsCustomizer> (0x000000008d4551d8) thrown at [t:/workspace/open/src/hotspot/share/classfile/systemDictionary.cpp, line 233]
Event: 9.949 Thread 0x0000025667f5b800 Exception <a 'java/lang/ClassNotFoundException'{0x000000008d46b9f0}: org/springframework/beans/factory/InitializingBeanCustomizer> (0x000000008d46b9f0) thrown at [t:/workspace/open/src/hotspot/share/classfile/systemDictionary.cpp, line 233]
Event: 9.950 Thread 0x0000025667f5b800 Exception <a 'java/lang/ClassNotFoundException'{0x000000008d481828}: org/springframework/transaction/TransactionDefinitionCustomizer> (0x000000008d481828) thrown at [t:/workspace/open/src/hotspot/share/classfile/systemDictionary.cpp, line 233]
Event: 9.952 Thread 0x0000025667f5b800 Exception <a 'java/lang/ClassNotFoundException'{0x000000008d4ba368}: java/lang/ObjectCustomizer> (0x000000008d4ba368) thrown at [t:/workspace/open/src/hotspot/share/classfile/systemDictionary.cpp, line 233]
Event: 9.953 Thread 0x0000025667f5b800 Exception <a 'java/lang/ClassNotFoundException'{0x000000008d4d67c0}: org/springframework/boot/autoconfigure/web/client/RestTemplateAutoConfigurationCustomizer> (0x000000008d4d67c0) thrown at [t:/workspace/open/src/hotspot/share/classfile/systemDictionary.

Events (10 events):
Event: 9.953 Thread 0x0000025667f5b800 DEOPT UNPACKING pc=0x000002560003cd4e sp=0x000000ddb49fc470 mode 1
Event: 9.953 loading class org/springframework/boot/autoconfigure/web/client/RestTemplateAutoConfigurationCustomizer
Event: 9.953 loading class org/springframework/boot/autoconfigure/web/client/RestTemplateAutoConfigurationCustomizer done
Event: 9.953 Thread 0x0000025667f5b800 DEOPT PACKING pc=0x0000025600ac4a0c sp=0x000000ddb49fcf30
Event: 9.953 Thread 0x0000025667f5b800 DEOPT UNPACKING pc=0x000002560003cd4e sp=0x000000ddb49fc400 mode 1
Event: 9.953 loading class org/springframework/boot/autoconfigure/web/client/RestTemplateAutoConfiguration$$EnhancerBySpringCGLIB$$b98dd72Customizer
Event: 9.953 loading class org/springframework/boot/autoconfigure/web/client/RestTemplateAutoConfiguration$$EnhancerBySpringCGLIB$$b98dd72Customizer done
Event: 9.953 Thread 0x0000025667f5b800 Uncommon trap: trap_request=0xffffffa7 fr.pc=0x0000025607f27e5c relative=0x000000000000569c
Event: 9.954 Thread 0x0000025667f5b800 DEOPT PACKING pc=0x0000025607f27e5c sp=0x000000ddb49fc350
Event: 9.954 Thread 0x0000025667f5b800 DEOPT UNPACKING pc=0x000002560003cf2f sp=0x000000ddb49fc430 mode 2


Dynamic libraries:
0x00007ff603620000 - 0x00007ff60365e000 	C:\Program Files\Java\jdk-10.0.2\bin\javaw.exe
0x00007ffbc3bd0000 - 0x00007ffbc3dbd000 	C:\WINDOWS\SYSTEM32\ntdll.dll
0x00007ffbc3000000 - 0x00007ffbc30b3000 	C:\WINDOWS\System32\KERNEL32.DLL
0x00007ffbc0590000 - 0x00007ffbc0823000 	C:\WINDOWS\System32\KERNELBASE.dll
0x00007ffbc1130000 - 0x00007ffbc11d3000 	C:\WINDOWS\System32\ADVAPI32.dll
0x00007ffbc3570000 - 0x00007ffbc360e000 	C:\WINDOWS\System32\msvcrt.dll
0x00007ffbc0e10000 - 0x00007ffbc0eae000 	C:\WINDOWS\System32\sechost.dll
0x00007ffbc3440000 - 0x00007ffbc3562000 	C:\WINDOWS\System32\RPCRT4.dll
0x00007ffbc0f60000 - 0x00007ffbc10f7000 	C:\WINDOWS\System32\USER32.dll
0x00007ffbc0570000 - 0x00007ffbc0590000 	C:\WINDOWS\System32\win32u.dll
0x00007ffbc2a00000 - 0x00007ffbc2a29000 	C:\WINDOWS\System32\GDI32.dll
0x00007ffbc0b10000 - 0x00007ffbc0caa000 	C:\WINDOWS\System32\gdi32full.dll
0x00007ffbc0a70000 - 0x00007ffbc0b10000 	C:\WINDOWS\System32\msvcp_win.dll
0x00007ffbc0cd0000 - 0x00007ffbc0dca000 	C:\WINDOWS\System32\ucrtbase.dll
0x00007ffbb0e40000 - 0x00007ffbb10b9000 	C:\WINDOWS\WinSxS\amd64_microsoft.windows.common-controls_6595b64144ccf1df_6.0.17763.379_none_05b83be8071c94a1\COMCTL32.dll
0x00007ffbbee10000 - 0x00007ffbbee1a000 	C:\WINDOWS\SYSTEM32\VERSION.dll
0x00007ffbc2ba0000 - 0x00007ffbc2ecd000 	C:\WINDOWS\System32\combase.dll
0x00007ffbc04f0000 - 0x00007ffbc056e000 	C:\WINDOWS\System32\bcryptPrimitives.dll
0x00007ffbc1100000 - 0x00007ffbc112e000 	C:\WINDOWS\System32\IMM32.DLL
0x00007ffb9d460000 - 0x00007ffb9d54f000 	C:\Program Files\Java\jdk-10.0.2\bin\msvcr120.dll
0x00007ffb9d3b0000 - 0x00007ffb9d456000 	C:\Program Files\Java\jdk-10.0.2\bin\msvcp120.dll
0x0000000055410000 - 0x0000000055e80000 	C:\Program Files\Java\jdk-10.0.2\bin\server\jvm.dll
0x00007ffbc0e00000 - 0x00007ffbc0e08000 	C:\WINDOWS\System32\PSAPI.DLL
0x00007ffbb9620000 - 0x00007ffbb9644000 	C:\WINDOWS\SYSTEM32\WINMM.dll
0x00007ffbaa120000 - 0x00007ffbaa129000 	C:\WINDOWS\SYSTEM32\WSOCK32.dll
0x00007ffbc3350000 - 0x00007ffbc33bd000 	C:\WINDOWS\System32\WS2_32.dll
0x00007ffbb9500000 - 0x00007ffbb952d000 	C:\WINDOWS\SYSTEM32\WINMMBASE.dll
0x00007ffbc04a0000 - 0x00007ffbc04ea000 	C:\WINDOWS\System32\cfgmgr32.dll
0x00007ffbbda30000 - 0x00007ffbbda3f000 	C:\Program Files\Java\jdk-10.0.2\bin\verify.dll
0x00007ffbbe4e0000 - 0x00007ffbbe6cd000 	C:\WINDOWS\SYSTEM32\DBGHELP.DLL
0x00007ffbb7ea0000 - 0x00007ffbb7eca000 	C:\WINDOWS\SYSTEM32\dbgcore.DLL
0x00007ffbbb770000 - 0x00007ffbbb797000 	C:\Program Files\Java\jdk-10.0.2\bin\java.dll
0x00007ffbb3220000 - 0x00007ffbb3256000 	C:\Program Files\Java\jdk-10.0.2\bin\jdwp.dll
0x00007ffbb31b0000 - 0x00007ffbb31da000 	C:\Program Files\Java\jdk-10.0.2\bin\instrument.dll
0x00007ffbb6450000 - 0x00007ffbb6466000 	C:\Program Files\Java\jdk-10.0.2\bin\zip.dll
0x00007ffbbcd30000 - 0x00007ffbbcd3a000 	C:\Program Files\Java\jdk-10.0.2\bin\jimage.dll
0x00007ffbc14e0000 - 0x00007ffbc29d0000 	C:\WINDOWS\System32\SHELL32.dll
0x00007ffbc0eb0000 - 0x00007ffbc0f58000 	C:\WINDOWS\System32\shcore.dll
0x00007ffbbfca0000 - 0x00007ffbc03ea000 	C:\WINDOWS\System32\windows.storage.dll
0x00007ffbbfc50000 - 0x00007ffbbfc74000 	C:\WINDOWS\System32\profapi.dll
0x00007ffbbfbd0000 - 0x00007ffbbfc2d000 	C:\WINDOWS\System32\powrprof.dll
0x00007ffbc2ed0000 - 0x00007ffbc2f22000 	C:\WINDOWS\System32\shlwapi.dll
0x00007ffbbfc80000 - 0x00007ffbbfc91000 	C:\WINDOWS\System32\kernel.appcore.dll
0x00007ffbc0cb0000 - 0x00007ffbc0cc7000 	C:\WINDOWS\System32\cryptsp.dll
0x00007ffbbcb50000 - 0x00007ffbbcb5a000 	C:\Program Files\Java\jdk-10.0.2\bin\dt_socket.dll
0x00007ffbbf450000 - 0x00007ffbbf4b7000 	C:\WINDOWS\System32\mswsock.dll
0x00007ffbbf1f0000 - 0x00007ffbbf2b6000 	C:\WINDOWS\SYSTEM32\DNSAPI.dll
0x00007ffbc29f0000 - 0x00007ffbc29f8000 	C:\WINDOWS\System32\NSI.dll
0x00007ffbbf1b0000 - 0x00007ffbbf1ed000 	C:\WINDOWS\SYSTEM32\IPHLPAPI.DLL
0x00007ffbafb90000 - 0x00007ffbafc09000 	C:\WINDOWS\System32\fwpuclnt.dll
0x00007ffbc0dd0000 - 0x00007ffbc0df6000 	C:\WINDOWS\System32\bcrypt.dll
0x00007ffbb6f30000 - 0x00007ffbb6f3a000 	C:\Windows\System32\rasadhlp.dll
0x00007ffbb5ad0000 - 0x00007ffbb5aea000 	C:\Program Files\Java\jdk-10.0.2\bin\net.dll
0x00007ffbbcfe0000 - 0x00007ffbbd0d1000 	C:\WINDOWS\SYSTEM32\WINHTTP.dll
0x00007ffbb3190000 - 0x00007ffbb31a1000 	C:\Program Files\Java\jdk-10.0.2\bin\nio.dll
0x00007ffbbc230000 - 0x00007ffbbc239000 	C:\Program Files\Java\jdk-10.0.2\bin\management.dll
0x00007ffbbaeb0000 - 0x00007ffbbaeba000 	C:\Program Files\Java\jdk-10.0.2\bin\management_ext.dll
0x00007ffba5230000 - 0x00007ffba5246000 	C:\WINDOWS\system32\napinsp.dll
0x00007ffbb7030000 - 0x00007ffbb704a000 	C:\WINDOWS\system32\pnrpnsp.dll
0x00007ffba5220000 - 0x00007ffba522e000 	C:\WINDOWS\System32\winrnr.dll
0x00007ffbbcad0000 - 0x00007ffbbcaeb000 	C:\WINDOWS\system32\NLAapi.dll
0x00007ffbb7f20000 - 0x00007ffbb7f35000 	C:\WINDOWS\system32\wshbth.dll
0x00007ffbbf010000 - 0x00007ffbbf043000 	C:\WINDOWS\system32\rsaenh.dll
0x00007ffbbfad0000 - 0x00007ffbbfaf8000 	C:\WINDOWS\SYSTEM32\USERENV.dll
0x00007ffbbf620000 - 0x00007ffbbf62c000 	C:\WINDOWS\SYSTEM32\CRYPTBASE.dll
0x00007ffbbadf0000 - 0x00007ffbbae06000 	C:\WINDOWS\SYSTEM32\dhcpcsvc6.DLL
0x00007ffbbb5c0000 - 0x00007ffbbb5dc000 	C:\WINDOWS\SYSTEM32\dhcpcsvc.DLL

dbghelp: loaded successfully - version: 4.0.5 - missing functions: none
symbol engine: initialized successfully - sym options: 0x614 - pdb path: .;C:\Program Files\Java\jdk-10.0.2\bin;C:\WINDOWS\SYSTEM32;C:\WINDOWS\WinSxS\amd64_microsoft.windows.common-controls_6595b64144ccf1df_6.0.17763.379_none_05b83be8071c94a1;C:\Program Files\Java\jdk-10.0.2\bin\server

VM Arguments:
jvm_args: -agentlib:jdwp=transport=dt_socket,suspend=y,address=localhost:65200 -ea -javaagent:C:\Users\Cassiano\Downloads\spring-tool-suite-3.9.5.RELEASE-e4.8.0-win32-x86_64\sts-bundle\sts-3.9.5.RELEASE\configuration\org.eclipse.osgi\316\0\.cp\lib\javaagent-shaded.jar -Dfile.encoding=UTF-8 
java_command: org.eclipse.jdt.internal.junit.runner.RemoteTestRunner -version 3 -port 65199 -testLoaderClass org.eclipse.jdt.internal.junit4.runner.JUnit4TestLoader -loaderpluginname org.eclipse.jdt.junit4.runtime -classNames br.com.castgroup.Desafio.integration.PessoaControllerTest
java_class_path (initial): C:\Users\Cassiano\Desktop\Desafio\target\test-classes;C:\Users\Cassiano\Desktop\Desafio\target\classes;C:\Users\Cassiano\.m2\repository\org\springframework\boot\spring-boot-starter-data-jpa\2.1.3.RELEASE\spring-boot-starter-data-jpa-2.1.3.RELEASE.jar;C:\Users\Cassiano\.m2\repository\org\springframework\boot\spring-boot-starter-aop\2.1.3.RELEASE\spring-boot-starter-aop-2.1.3.RELEASE.jar;C:\Users\Cassiano\.m2\repository\org\springframework\spring-aop\5.1.5.RELEASE\spring-aop-5.1.5.RELEASE.jar;C:\Users\Cassiano\.m2\repository\org\aspectj\aspectjweaver\1.9.2\aspectjweaver-1.9.2.jar;C:\Users\Cassiano\.m2\repository\org\springframework\boot\spring-boot-starter-jdbc\2.1.3.RELEASE\spring-boot-starter-jdbc-2.1.3.RELEASE.jar;C:\Users\Cassiano\.m2\repository\com\zaxxer\HikariCP\3.2.0\HikariCP-3.2.0.jar;C:\Users\Cassiano\.m2\repository\org\springframework\spring-jdbc\5.1.5.RELEASE\spring-jdbc-5.1.5.RELEASE.jar;C:\Users\Cassiano\.m2\repository\javax\transaction\javax.transaction-api\1.3\javax.transaction-api-1.3.jar;C:\Users\Cassiano\.m2\repository\javax\xml\bind\jaxb-api\2.3.1\jaxb-api-2.3.1.jar;C:\Users\Cassiano\.m2\repository\javax\activation\javax.activation-api\1.2.0\javax.activation-api-1.2.0.jar;C:\Users\Cassiano\.m2\repository\org\hibernate\hibernate-core\5.3.7.Final\hibernate-core-5.3.7.Final.jar;C:\Users\Cassiano\.m2\repository\org\jboss\logging\jboss-logging\3.3.2.Final\jboss-logging-3.3.2.Final.jar;C:\Users\Cassiano\.m2\repository\javax\persistence\javax.persistence-api\2.2\javax.persistence-api-2.2.jar;C:\Users\Cassiano\.m2\repository\org\javassist\javassist\3.23.1-GA\javassist-3.23.1-GA.jar;C:\Users\Cassiano\.m2\repository\antlr\antlr\2.7.7\antlr-2.7.7.jar;C:\Users\Cassiano\.m2\repository\org\jboss\jandex\2.0.5.Final\jandex-2.0.5.Final.jar;C:\Users\Cassiano\.m2\repository\org\dom4j\dom4j\2.1.1\dom4j-2.1.1.jar;C:\Users\Cassiano\.m2\repository\org\hibernate\common\hibernate-commons-annotations\5.0.4.Final\hibernate-commons-annotations-5.0
Launcher Type: SUN_STANDARD

Logging:
Log output configuration:
#0: stdout all=warning uptime,level,tags
#1: stderr all=off uptime,level,tags

Environment Variables:
JAVA_HOME=C:\Program Files\Java\jdk-10.0.2\bin
PATH=C:/Program Files/Java/jre1.8.0_181/bin/server;C:/Program Files/Java/jre1.8.0_181/bin;C:/Program Files/Java/jre1.8.0_181/lib/amd64;C:\Program Files (x86)\Common Files\Oracle\Java\javapath;C:\WINDOWS\system32;C:\WINDOWS;C:\WINDOWS\System32\Wbem;C:\WINDOWS\System32\WindowsPowerShell\v1.0\;C:\WINDOWS\System32\OpenSSH\;C:\Program Files\Git\cmd;C:\Program Files\nodejs\;C:\Program Files (x86)\Intel\Intel(R) Management Engine Components\DAL;C:\Program Files\Intel\Intel(R) Management Engine Components\DAL;C:\Program Files\Java\jdk-10.0.2\bin;C:\Users\Cassiano\AppData\Local\Microsoft\WindowsApps;C:\Users\Cassiano\AppData\Roaming\npm;C:\Users\Cassiano\AppData\Local\Programs\Microsoft VS Code\bin;;C:\Users\Cassiano\Downloads\spring-tool-suite-3.9.5.RELEASE-e4.8.0-win32-x86_64\sts-bundle\sts-3.9.5.RELEASE;
USERNAME=Cassiano
OS=Windows_NT
PROCESSOR_IDENTIFIER=Intel64 Family 6 Model 142 Stepping 10, GenuineIntel



---------------  S Y S T E M  ---------------

OS: Windows 10 , 64 bit Build 17763 (10.0.17763.379)

CPU:total 8 (initial active 8) (4 cores per cpu, 2 threads per core) family 6 model 142 stepping 10, cmov, cx8, fxsr, mmx, sse, sse2, sse3, ssse3, sse4.1, sse4.2, popcnt, avx, avx2, aes, clmul, erms, 3dnowpref, lzcnt, ht, tsc, tscinvbit, bmi1, bmi2, adx, fma

Memory: 4k page, physical 8250416k(889676k free), swap 8250416k(51008k free)

vm_info: Java HotSpot(TM) 64-Bit Server VM (10.0.2+13) for windows-amd64 JRE (10.0.2+13), built on Jun 28 2018 01:57:56 by "mach5one" with MS VC++ 12.0 (VS2013)

END.
