#
# There is insufficient memory for the Java Runtime Environment to continue.
# Native memory allocation (malloc) failed to allocate 4518416 bytes for Chunk::new
# Possible reasons:
#   The system is out of physical RAM or swap space
#   The process is running with CompressedOops enabled, and the Java Heap may be blocking the growth of the native heap
# Possible solutions:
#   Reduce memory load on the system
#   Increase physical memory or swap space
#   Check if swap backing store is full
#   Decrease Java heap size (-Xmx/-Xms)
#   Decrease number of Java threads
#   Decrease Java thread stack sizes (-Xss)
#   Set larger code cache with -XX:ReservedCodeCacheSize=
#   JVM is running with Unscaled Compressed Oops mode in which the Java heap is
#     placed in the first 4GB address space. The Java Heap base address is the
#     maximum limit for the native heap growth. Please use -XX:HeapBaseMinAddress
#     to set the Java Heap base and to place the Java Heap above 4GB virtual address.
# This output file may be truncated or incomplete.
#
#  Out of Memory Error (t:/workspace/open/src/hotspot/share/memory/arena.cpp:198), pid=20484, tid=8848
#
# JRE version: Java(TM) SE Runtime Environment (10.0.2+13) (build 10.0.2+13)
# Java VM: Java HotSpot(TM) 64-Bit Server VM (10.0.2+13, mixed mode, tiered, compressed oops, g1 gc, windows-amd64)
# No core dump will be written. Minidumps are not enabled by default on client versions of Windows
#

---------------  S U M M A R Y ------------

Command Line: -agentlib:jdwp=transport=dt_socket,suspend=y,address=localhost:65222 -ea -javaagent:C:\Users\Cassiano\Downloads\spring-tool-suite-3.9.5.RELEASE-e4.8.0-win32-x86_64\sts-bundle\sts-3.9.5.RELEASE\configuration\org.eclipse.osgi\316\0\.cp\lib\javaagent-shaded.jar -Dfile.encoding=UTF-8 org.eclipse.jdt.internal.junit.runner.RemoteTestRunner -version 3 -port 65221 -testLoaderClass org.eclipse.jdt.internal.junit4.runner.JUnit4TestLoader -loaderpluginname org.eclipse.jdt.junit4.runtime -classNames br.com.castgroup.Desafio.integration.PessoaControllerTest

Host: Intel(R) Core(TM) i7-8550U CPU @ 1.80GHz, 8 cores, 7G,  Windows 10 , 64 bit Build 17763 (10.0.17763.379)
Time: Sun Mar 17 16:39:53 2019 Hora oficial do Brasil elapsed time: 7 seconds (0d 0h 0m 7s)

---------------  T H R E A D  ---------------

Current thread (0x000001999efbe800):  JavaThread "C2 CompilerThread0" daemon [_thread_in_native, id=8848, stack(0x0000001011400000,0x0000001011500000)]


Current CompileTask:
C2:   7650 5278   !   4       jdk.internal.loader.BuiltinClassLoader::findClassOnClassPathOrNull (64 bytes)

Stack: [0x0000001011400000,0x0000001011500000]
Native frames: (J=compiled Java code, j=interpreted, Vv=VM code, C=native code)
V  [jvm.dll+0x5a01a9]
V  [jvm.dll+0x6bcf31]
V  [jvm.dll+0x6be126]
V  [jvm.dll+0x6be7b3]
V  [jvm.dll+0x234978]
V  [jvm.dll+0xbb69c]
V  [jvm.dll+0xbbbac]
V  [jvm.dll+0x34bee1]
V  [jvm.dll+0x18f02c]
V  [jvm.dll+0x1fff9d]
V  [jvm.dll+0x1ff116]
V  [jvm.dll+0x17c94b]
V  [jvm.dll+0x20c8dd]
V  [jvm.dll+0x20b6a6]
V  [jvm.dll+0x68b7ff]
V  [jvm.dll+0x59f4b0]
C  [msvcr120.dll+0x24f7f]
C  [msvcr120.dll+0x25126]
C  [KERNEL32.DLL+0x181f4]
C  [ntdll.dll+0x6a251]


---------------  P R O C E S S  ---------------

Threads class SMR info:
_java_thread_list=0x00000199a6701ec0, length=23, elements={
0x00000199fcad4000, 0x000001999ef78800, 0x000001999ef7a000, 0x000001999ef73000,
0x000001999ef74000, 0x000001999efbe800, 0x000001999efc7000, 0x000001999efc8000,
0x000001999efce000, 0x000001999efe7000, 0x000001999f671800, 0x000001999f8e4000,
0x000001999f283800, 0x000001999f202800, 0x000001999f71c800, 0x00000199a0202800,
0x00000199a9379000, 0x00000199a937a800, 0x00000199a937b000, 0x00000199a937d800,
0x00000199a9379800, 0x00000199a937c000, 0x00000199a937d000
}

Java Threads: ( => current thread )
  0x00000199fcad4000 JavaThread "main" [_thread_in_vm, id=624, stack(0x000000100fa00000,0x000000100fb00000)]
  0x000001999ef78800 JavaThread "Reference Handler" daemon [_thread_blocked, id=16500, stack(0x0000001011000000,0x0000001011100000)]
  0x000001999ef7a000 JavaThread "Finalizer" daemon [_thread_blocked, id=20700, stack(0x0000001011100000,0x0000001011200000)]
  0x000001999ef73000 JavaThread "Signal Dispatcher" daemon [_thread_blocked, id=8664, stack(0x0000001011200000,0x0000001011300000)]
  0x000001999ef74000 JavaThread "Attach Listener" daemon [_thread_blocked, id=8636, stack(0x0000001011300000,0x0000001011400000)]
=>0x000001999efbe800 JavaThread "C2 CompilerThread0" daemon [_thread_in_native, id=8848, stack(0x0000001011400000,0x0000001011500000)]
  0x000001999efc7000 JavaThread "C2 CompilerThread1" daemon [_thread_in_native, id=9088, stack(0x0000001011500000,0x0000001011600000)]
  0x000001999efc8000 JavaThread "C2 CompilerThread2" daemon [_thread_in_native, id=16504, stack(0x0000001011600000,0x0000001011700000)]
  0x000001999efce000 JavaThread "C1 CompilerThread3" daemon [_thread_blocked, id=13064, stack(0x0000001011700000,0x0000001011800000)]
  0x000001999efe7000 JavaThread "Sweeper thread" daemon [_thread_blocked, id=18612, stack(0x0000001011800000,0x0000001011900000)]
  0x000001999f671800 JavaThread "JDWP Transport Listener: dt_socket" daemon [_thread_blocked, id=19996, stack(0x0000001011900000,0x0000001011a00000)]
  0x000001999f8e4000 JavaThread "JDWP Event Helper Thread" daemon [_thread_blocked, id=16604, stack(0x0000001011a00000,0x0000001011b00000)]
  0x000001999f283800 JavaThread "JDWP Command Reader" daemon [_thread_in_native, id=14240, stack(0x0000001011b00000,0x0000001011c00000)]
  0x000001999f202800 JavaThread "Common-Cleaner" daemon [_thread_blocked, id=20832, stack(0x0000001011c00000,0x0000001011d00000)]
  0x000001999f71c800 JavaThread "Service Thread" daemon [_thread_blocked, id=10364, stack(0x0000001011d00000,0x0000001011e00000)]
  0x00000199a0202800 JavaThread "ReaderThread" [_thread_in_native, id=9980, stack(0x0000001011f00000,0x0000001012000000)]
  0x00000199a9379000 JavaThread "Catalina-utility-1" [_thread_blocked, id=15864, stack(0x0000001012000000,0x0000001012100000)]
  0x00000199a937a800 JavaThread "Catalina-utility-2" [_thread_blocked, id=11084, stack(0x0000001012100000,0x0000001012200000)]
  0x00000199a937b000 JavaThread "container-0" [_thread_blocked, id=18348, stack(0x0000001012200000,0x0000001012300000)]
  0x00000199a937d800 JavaThread "mysql-cj-abandoned-connection-cleanup" daemon [_thread_blocked, id=18332, stack(0x0000001012300000,0x0000001012400000)]
  0x00000199a9379800 JavaThread "MVStore background writer nio:C:/Users/Cassiano/h2db.mv.db" daemon [_thread_blocked, id=9568, stack(0x0000001012500000,0x0000001012600000)]
  0x00000199a937c000 JavaThread "HikariPool-1 housekeeper" daemon [_thread_blocked, id=10976, stack(0x0000001012400000,0x0000001012500000)]
  0x00000199a937d000 JavaThread "HikariPool-1 connection adder" daemon [_thread_blocked, id=19000, stack(0x0000001012600000,0x0000001012700000)]

Other Threads:
  0x000001999ef62800 VMThread "VM Thread" [stack: 0x0000001010f00000,0x0000001011000000] [id=11652]
  0x00000199a01b6800 WatcherThread [stack: 0x0000001011e00000,0x0000001011f00000] [id=19932]
  0x00000199fcaef000 GCTaskThread "GC Thread#0" [stack: 0x000000100fb00000,0x000000100fc00000] [id=7736]
  0x00000199fcaf0000 GCTaskThread "GC Thread#1" [stack: 0x000000100fc00000,0x000000100fd00000] [id=14868]
  0x00000199fcaf2800 GCTaskThread "GC Thread#2" [stack: 0x000000100fd00000,0x000000100fe00000] [id=16512]
  0x00000199fcaf5000 GCTaskThread "GC Thread#3" [stack: 0x000000100fe00000,0x000000100ff00000] [id=18848]
  0x00000199fcafa000 GCTaskThread "GC Thread#4" [stack: 0x000000100ff00000,0x0000001010000000] [id=11192]
  0x00000199fcafc800 GCTaskThread "GC Thread#5" [stack: 0x0000001010000000,0x0000001010100000] [id=8004]
  0x00000199fcafd800 GCTaskThread "GC Thread#6" [stack: 0x0000001010100000,0x0000001010200000] [id=15264]
  0x00000199fcb0b000 GCTaskThread "GC Thread#7" [stack: 0x0000001010200000,0x0000001010300000] [id=9460]
  0x00000199fcb79000 ConcurrentGCThread "G1 Main Marker" [stack: 0x0000001010300000,0x0000001010400000] [id=14472]
  0x00000199fcb7a800 ConcurrentGCThread "G1 Conc#0" [stack: 0x0000001010400000,0x0000001010500000] [id=16408]
  0x00000199fcb7d000 ConcurrentGCThread "G1 Conc#1" [stack: 0x0000001010500000,0x0000001010600000] [id=16588]
  0x000001999e5d6800 ConcurrentGCThread "G1 Refine#0" [stack: 0x0000001010600000,0x0000001010700000] [id=16948]
  0x000001999e5d7000 ConcurrentGCThread "G1 Refine#1" [stack: 0x0000001010700000,0x0000001010800000] [id=13592]
  0x000001999e5d7800 ConcurrentGCThread "G1 Refine#2" [stack: 0x0000001010800000,0x0000001010900000] [id=15612]
  0x000001999e5da800 ConcurrentGCThread "G1 Refine#3" [stack: 0x0000001010900000,0x0000001010a00000] [id=7560]
  0x000001999e5e5000 ConcurrentGCThread "G1 Refine#4" [stack: 0x0000001010a00000,0x0000001010b00000] [id=3116]
  0x000001999e5eb000 ConcurrentGCThread "G1 Refine#5" [stack: 0x0000001010b00000,0x0000001010c00000] [id=14316]
  0x000001999e5eb800 ConcurrentGCThread "G1 Refine#6" [stack: 0x0000001010c00000,0x0000001010d00000] [id=14364]
  0x000001999e5ec000 ConcurrentGCThread "G1 Refine#7" [stack: 0x0000001010d00000,0x0000001010e00000] [id=15320]
  0x000001999e5ef000 ConcurrentGCThread "G1 Young RemSet Sampling" [stack: 0x0000001010e00000,0x0000001010f00000] [id=8904]

Threads with active compile tasks:
C2 CompilerThread05278   !   4       jdk.internal.loader.BuiltinClassLoader::findClassOnClassPathOrNull (64 bytes)
C2 CompilerThread15317       4       jdk.internal.loader.BuiltinClassLoader::defineClass (121 bytes)
C2 CompilerThread25318       4       jdk.internal.loader.ClassLoaders$AppClassLoader::defineOrCheckPackage (8 bytes)

VM state:not at safepoint (normal execution)

VM Mutex/Monitor currently owned by a thread: None

Heap address: 0x0000000082000000, size: 2016 MB, Compressed Oops mode: 32-bit
Narrow klass base: 0x0000000000000000, Narrow klass shift: 3
Compressed class space size: 1073741824 Address: 0x0000000100000000

Heap:
 garbage-first heap   total 187392K, used 98649K [0x0000000082000000, 0x0000000100000000)
  region size 1024K, 73 young (74752K), 5 survivors (5120K)
 Metaspace       used 63530K, capacity 64575K, committed 65236K, reserved 1110016K
  class space    used 7611K, capacity 8034K, committed 8148K, reserved 1048576K
Heap Regions: E=young(eden), S=young(survivor), O=old, HS=humongous(starts), HC=humongous(continues), CS=collection set, F=free, A=archive, TS=gc time stamp, AC=allocation context, TAMS=top-at-mark-start (previous, next)
|   0|0x0000000082000000, 0x0000000082100000, 0x0000000082100000|100%|HS|  |TS  0|AC  0|TAMS 0x0000000082100000, 0x0000000082100000|
|   1|0x0000000082100000, 0x0000000082200000, 0x0000000082200000|100%| O|  |TS  0|AC  0|TAMS 0x0000000082200000, 0x0000000082200000|
|   2|0x0000000082200000, 0x0000000082300000, 0x0000000082300000|100%| O|  |TS  0|AC  0|TAMS 0x0000000082300000, 0x0000000082300000|
|   3|0x0000000082300000, 0x0000000082400000, 0x0000000082400000|100%| O|  |TS  0|AC  0|TAMS 0x0000000082400000, 0x0000000082400000|
|   4|0x0000000082400000, 0x0000000082500000, 0x0000000082500000|100%| O|  |TS  0|AC  0|TAMS 0x0000000082500000, 0x0000000082500000|
|   5|0x0000000082500000, 0x0000000082600000, 0x0000000082600000|100%| O|  |TS  0|AC  0|TAMS 0x0000000082600000, 0x0000000082600000|
|   6|0x0000000082600000, 0x0000000082700000, 0x0000000082700000|100%| O|  |TS  0|AC  0|TAMS 0x0000000082700000, 0x0000000082700000|
|   7|0x0000000082700000, 0x0000000082800000, 0x0000000082800000|100%| O|  |TS  0|AC  0|TAMS 0x0000000082800000, 0x0000000082800000|
|   8|0x0000000082800000, 0x0000000082900000, 0x0000000082900000|100%| O|  |TS  0|AC  0|TAMS 0x0000000082900000, 0x0000000082900000|
|   9|0x0000000082900000, 0x0000000082a00000, 0x0000000082a00000|100%| O|  |TS  0|AC  0|TAMS 0x0000000082a00000, 0x0000000082a00000|
|  10|0x0000000082a00000, 0x0000000082b00000, 0x0000000082b00000|100%| O|  |TS  0|AC  0|TAMS 0x0000000082b00000, 0x0000000082b00000|
|  11|0x0000000082b00000, 0x0000000082c00000, 0x0000000082c00000|100%| O|  |TS  0|AC  0|TAMS 0x0000000082c00000, 0x0000000082c00000|
|  12|0x0000000082c00000, 0x0000000082d00000, 0x0000000082d00000|100%| O|  |TS  0|AC  0|TAMS 0x0000000082d00000, 0x0000000082d00000|
|  13|0x0000000082d00000, 0x0000000082e00000, 0x0000000082e00000|100%| O|  |TS  0|AC  0|TAMS 0x0000000082e00000, 0x0000000082e00000|
|  14|0x0000000082e00000, 0x0000000082f00000, 0x0000000082f00000|100%| O|  |TS  0|AC  0|TAMS 0x0000000082f00000, 0x0000000082f00000|
|  15|0x0000000082f00000, 0x0000000083000000, 0x0000000083000000|100%| O|  |TS  0|AC  0|TAMS 0x0000000083000000, 0x0000000083000000|
|  16|0x0000000083000000, 0x0000000083100000, 0x0000000083100000|100%| O|  |TS  0|AC  0|TAMS 0x0000000083100000, 0x0000000083100000|
|  17|0x0000000083100000, 0x0000000083200000, 0x0000000083200000|100%| O|  |TS  0|AC  0|TAMS 0x0000000083200000, 0x0000000083200000|
|  18|0x0000000083200000, 0x0000000083300000, 0x0000000083300000|100%| O|  |TS  0|AC  0|TAMS 0x0000000083300000, 0x0000000083300000|
|  19|0x0000000083300000, 0x0000000083400000, 0x0000000083400000|100%| O|  |TS  0|AC  0|TAMS 0x0000000083400000, 0x0000000083400000|
|  20|0x0000000083400000, 0x0000000083500000, 0x0000000083500000|100%| O|  |TS  0|AC  0|TAMS 0x0000000083500000, 0x0000000083500000|
|  21|0x0000000083500000, 0x0000000083600000, 0x0000000083600000|100%| O|  |TS  0|AC  0|TAMS 0x0000000083600000, 0x0000000083600000|
|  22|0x0000000083600000, 0x0000000083700000, 0x0000000083700000|100%| O|  |TS  0|AC  0|TAMS 0x0000000083700000, 0x0000000083700000|
|  23|0x0000000083700000, 0x0000000083800000, 0x0000000083800000|100%| O|  |TS  0|AC  0|TAMS 0x0000000083800000, 0x0000000083800000|
|  24|0x0000000083800000, 0x00000000838ca600, 0x0000000083900000| 79%| O|  |TS  0|AC  0|TAMS 0x00000000838ca600, 0x00000000838ca600|
|  25|0x0000000083900000, 0x0000000083900000, 0x0000000083a00000|  0%| F|  |TS  0|AC  0|TAMS 0x0000000083900000, 0x0000000083900000|
|  26|0x0000000083a00000, 0x0000000083a00000, 0x0000000083b00000|  0%| F|  |TS  0|AC  0|TAMS 0x0000000083a00000, 0x0000000083a00000|
|  27|0x0000000083b00000, 0x0000000083b00000, 0x0000000083c00000|  0%| F|  |TS  0|AC  0|TAMS 0x0000000083b00000, 0x0000000083b00000|
|  28|0x0000000083c00000, 0x0000000083c00000, 0x0000000083d00000|  0%| F|  |TS  0|AC  0|TAMS 0x0000000083c00000, 0x0000000083c00000|
|  29|0x0000000083d00000, 0x0000000083d00000, 0x0000000083e00000|  0%| F|  |TS  0|AC  0|TAMS 0x0000000083d00000, 0x0000000083d00000|
|  30|0x0000000083e00000, 0x0000000083e00000, 0x0000000083f00000|  0%| F|  |TS  0|AC  0|TAMS 0x0000000083e00000, 0x0000000083e00000|
|  31|0x0000000083f00000, 0x0000000083f00000, 0x0000000084000000|  0%| F|  |TS  0|AC  0|TAMS 0x0000000083f00000, 0x0000000083f00000|
|  32|0x0000000084000000, 0x0000000084000000, 0x0000000084100000|  0%| F|  |TS  0|AC  0|TAMS 0x0000000084000000, 0x0000000084000000|
|  33|0x0000000084100000, 0x0000000084100000, 0x0000000084200000|  0%| F|  |TS  0|AC  0|TAMS 0x0000000084100000, 0x0000000084100000|
|  34|0x0000000084200000, 0x0000000084200000, 0x0000000084300000|  0%| F|  |TS  0|AC  0|TAMS 0x0000000084200000, 0x0000000084200000|
|  35|0x0000000084300000, 0x0000000084300000, 0x0000000084400000|  0%| F|  |TS  0|AC  0|TAMS 0x0000000084300000, 0x0000000084300000|
|  36|0x0000000084400000, 0x0000000084400000, 0x0000000084500000|  0%| F|  |TS  0|AC  0|TAMS 0x0000000084400000, 0x0000000084400000|
|  37|0x0000000084500000, 0x0000000084500000, 0x0000000084600000|  0%| F|  |TS  0|AC  0|TAMS 0x0000000084500000, 0x0000000084500000|
|  38|0x0000000084600000, 0x0000000084600000, 0x0000000084700000|  0%| F|  |TS  0|AC  0|TAMS 0x0000000084600000, 0x0000000084600000|
|  39|0x0000000084700000, 0x0000000084700000, 0x0000000084800000|  0%| F|  |TS  0|AC  0|TAMS 0x0000000084700000, 0x0000000084700000|
|  40|0x0000000084800000, 0x0000000084800000, 0x0000000084900000|  0%| F|  |TS  0|AC  0|TAMS 0x0000000084800000, 0x0000000084800000|
|  41|0x0000000084900000, 0x0000000084900000, 0x0000000084a00000|  0%| F|  |TS  0|AC  0|TAMS 0x0000000084900000, 0x0000000084900000|
|  42|0x0000000084a00000, 0x0000000084a00000, 0x0000000084b00000|  0%| F|  |TS  0|AC  0|TAMS 0x0000000084a00000, 0x0000000084a00000|
|  43|0x0000000084b00000, 0x0000000084b00000, 0x0000000084c00000|  0%| F|  |TS  0|AC  0|TAMS 0x0000000084b00000, 0x0000000084b00000|
|  44|0x0000000084c00000, 0x0000000084c00000, 0x0000000084d00000|  0%| F|  |TS  0|AC  0|TAMS 0x0000000084c00000, 0x0000000084c00000|
|  45|0x0000000084d00000, 0x0000000084d00000, 0x0000000084e00000|  0%| F|  |TS  0|AC  0|TAMS 0x0000000084d00000, 0x0000000084d00000|
|  46|0x0000000084e00000, 0x0000000084e00000, 0x0000000084f00000|  0%| F|  |TS  0|AC  0|TAMS 0x0000000084e00000, 0x0000000084e00000|
|  47|0x0000000084f00000, 0x0000000084f00000, 0x0000000085000000|  0%| F|  |TS  0|AC  0|TAMS 0x0000000084f00000, 0x0000000084f00000|
|  48|0x0000000085000000, 0x0000000085000000, 0x0000000085100000|  0%| F|  |TS  0|AC  0|TAMS 0x0000000085000000, 0x0000000085000000|
|  49|0x0000000085100000, 0x0000000085100000, 0x0000000085200000|  0%| F|  |TS  0|AC  0|TAMS 0x0000000085100000, 0x0000000085100000|
|  50|0x0000000085200000, 0x0000000085200000, 0x0000000085300000|  0%| F|  |TS  0|AC  0|TAMS 0x0000000085200000, 0x0000000085200000|
|  51|0x0000000085300000, 0x0000000085300000, 0x0000000085400000|  0%| F|  |TS  0|AC  0|TAMS 0x0000000085300000, 0x0000000085300000|
|  52|0x0000000085400000, 0x0000000085400000, 0x0000000085500000|  0%| F|  |TS  0|AC  0|TAMS 0x0000000085400000, 0x0000000085400000|
|  53|0x0000000085500000, 0x0000000085500000, 0x0000000085600000|  0%| F|  |TS  0|AC  0|TAMS 0x0000000085500000, 0x0000000085500000|
|  54|0x0000000085600000, 0x0000000085600000, 0x0000000085700000|  0%| F|  |TS  0|AC  0|TAMS 0x0000000085600000, 0x0000000085600000|
|  55|0x0000000085700000, 0x0000000085700000, 0x0000000085800000|  0%| F|  |TS  0|AC  0|TAMS 0x0000000085700000, 0x0000000085700000|
|  56|0x0000000085800000, 0x0000000085800000, 0x0000000085900000|  0%| F|  |TS  0|AC  0|TAMS 0x0000000085800000, 0x0000000085800000|
|  57|0x0000000085900000, 0x0000000085900000, 0x0000000085a00000|  0%| F|  |TS  0|AC  0|TAMS 0x0000000085900000, 0x0000000085900000|
|  58|0x0000000085a00000, 0x0000000085a00000, 0x0000000085b00000|  0%| F|  |TS  0|AC  0|TAMS 0x0000000085a00000, 0x0000000085a00000|
|  59|0x0000000085b00000, 0x0000000085b00000, 0x0000000085c00000|  0%| F|  |TS  0|AC  0|TAMS 0x0000000085b00000, 0x0000000085b00000|
|  60|0x0000000085c00000, 0x0000000085c00000, 0x0000000085d00000|  0%| F|  |TS  0|AC  0|TAMS 0x0000000085c00000, 0x0000000085c00000|
|  61|0x0000000085d00000, 0x0000000085d00000, 0x0000000085e00000|  0%| F|  |TS  0|AC  0|TAMS 0x0000000085d00000, 0x0000000085d00000|
|  62|0x0000000085e00000, 0x0000000085e00000, 0x0000000085f00000|  0%| F|  |TS  0|AC  0|TAMS 0x0000000085e00000, 0x0000000085e00000|
|  63|0x0000000085f00000, 0x0000000085f00000, 0x0000000086000000|  0%| F|  |TS  0|AC  0|TAMS 0x0000000085f00000, 0x0000000085f00000|
|  64|0x0000000086000000, 0x0000000086000000, 0x0000000086100000|  0%| F|  |TS  0|AC  0|TAMS 0x0000000086000000, 0x0000000086000000|
|  65|0x0000000086100000, 0x0000000086100000, 0x0000000086200000|  0%| F|  |TS  0|AC  0|TAMS 0x0000000086100000, 0x0000000086100000|
|  66|0x0000000086200000, 0x0000000086200000, 0x0000000086300000|  0%| F|  |TS  0|AC  0|TAMS 0x0000000086200000, 0x0000000086200000|
|  67|0x0000000086300000, 0x0000000086300000, 0x0000000086400000|  0%| F|  |TS  0|AC  0|TAMS 0x0000000086300000, 0x0000000086300000|
|  68|0x0000000086400000, 0x0000000086400000, 0x0000000086500000|  0%| F|  |TS  0|AC  0|TAMS 0x0000000086400000, 0x0000000086400000|
|  69|0x0000000086500000, 0x0000000086500000, 0x0000000086600000|  0%| F|  |TS  0|AC  0|TAMS 0x0000000086500000, 0x0000000086500000|
|  70|0x0000000086600000, 0x0000000086600000, 0x0000000086700000|  0%| F|  |TS  0|AC  0|TAMS 0x0000000086600000, 0x0000000086600000|
|  71|0x0000000086700000, 0x0000000086700000, 0x0000000086800000|  0%| F|  |TS  0|AC  0|TAMS 0x0000000086700000, 0x0000000086700000|
|  72|0x0000000086800000, 0x0000000086800000, 0x0000000086900000|  0%| F|  |TS  0|AC  0|TAMS 0x0000000086800000, 0x0000000086800000|
|  73|0x0000000086900000, 0x0000000086900000, 0x0000000086a00000|  0%| F|  |TS  0|AC  0|TAMS 0x0000000086900000, 0x0000000086900000|
|  74|0x0000000086a00000, 0x0000000086a00000, 0x0000000086b00000|  0%| F|  |TS  0|AC  0|TAMS 0x0000000086a00000, 0x0000000086a00000|
|  75|0x0000000086b00000, 0x0000000086b00000, 0x0000000086c00000|  0%| F|  |TS  0|AC  0|TAMS 0x0000000086b00000, 0x0000000086b00000|
|  76|0x0000000086c00000, 0x0000000086c00000, 0x0000000086d00000|  0%| F|  |TS  0|AC  0|TAMS 0x0000000086c00000, 0x0000000086c00000|
|  77|0x0000000086d00000, 0x0000000086d00000, 0x0000000086e00000|  0%| F|  |TS  0|AC  0|TAMS 0x0000000086d00000, 0x0000000086d00000|
|  78|0x0000000086e00000, 0x0000000086e00000, 0x0000000086f00000|  0%| F|  |TS  0|AC  0|TAMS 0x0000000086e00000, 0x0000000086e00000|
|  79|0x0000000086f00000, 0x0000000086f00000, 0x0000000087000000|  0%| F|  |TS  0|AC  0|TAMS 0x0000000086f00000, 0x0000000086f00000|
|  80|0x0000000087000000, 0x0000000087000000, 0x0000000087100000|  0%| F|  |TS  0|AC  0|TAMS 0x0000000087000000, 0x0000000087000000|
|  81|0x0000000087100000, 0x0000000087100000, 0x0000000087200000|  0%| F|  |TS  0|AC  0|TAMS 0x0000000087100000, 0x0000000087100000|
|  82|0x0000000087200000, 0x0000000087200000, 0x0000000087300000|  0%| F|  |TS  0|AC  0|TAMS 0x0000000087200000, 0x0000000087200000|
|  83|0x0000000087300000, 0x0000000087300000, 0x0000000087400000|  0%| F|  |TS  0|AC  0|TAMS 0x0000000087300000, 0x0000000087300000|
|  84|0x0000000087400000, 0x0000000087400000, 0x0000000087500000|  0%| F|  |TS  0|AC  0|TAMS 0x0000000087400000, 0x0000000087400000|
|  85|0x0000000087500000, 0x0000000087500000, 0x0000000087600000|  0%| F|  |TS  0|AC  0|TAMS 0x0000000087500000, 0x0000000087500000|
|  86|0x0000000087600000, 0x0000000087600000, 0x0000000087700000|  0%| F|  |TS  0|AC  0|TAMS 0x0000000087600000, 0x0000000087600000|
|  87|0x0000000087700000, 0x0000000087700000, 0x0000000087800000|  0%| F|  |TS  0|AC  0|TAMS 0x0000000087700000, 0x0000000087700000|
|  88|0x0000000087800000, 0x0000000087800000, 0x0000000087900000|  0%| F|  |TS  0|AC  0|TAMS 0x0000000087800000, 0x0000000087800000|
|  89|0x0000000087900000, 0x0000000087900000, 0x0000000087a00000|  0%| F|  |TS  0|AC  0|TAMS 0x0000000087900000, 0x0000000087900000|
|  90|0x0000000087a00000, 0x0000000087a00000, 0x0000000087b00000|  0%| F|  |TS  0|AC  0|TAMS 0x0000000087a00000, 0x0000000087a00000|
|  91|0x0000000087b00000, 0x0000000087b00000, 0x0000000087c00000|  0%| F|  |TS  0|AC  0|TAMS 0x0000000087b00000, 0x0000000087b00000|
|  92|0x0000000087c00000, 0x0000000087c00000, 0x0000000087d00000|  0%| F|  |TS  0|AC  0|TAMS 0x0000000087c00000, 0x0000000087c00000|
|  93|0x0000000087d00000, 0x0000000087d00000, 0x0000000087e00000|  0%| F|  |TS  0|AC  0|TAMS 0x0000000087d00000, 0x0000000087d00000|
|  94|0x0000000087e00000, 0x0000000087e00000, 0x0000000087f00000|  0%| F|  |TS  0|AC  0|TAMS 0x0000000087e00000, 0x0000000087e00000|
|  95|0x0000000087f00000, 0x0000000087f00000, 0x0000000088000000|  0%| F|  |TS  0|AC  0|TAMS 0x0000000087f00000, 0x0000000087f00000|
|  96|0x0000000088000000, 0x0000000088000000, 0x0000000088100000|  0%| F|  |TS  0|AC  0|TAMS 0x0000000088000000, 0x0000000088000000|
|  97|0x0000000088100000, 0x0000000088100000, 0x0000000088200000|  0%| F|  |TS  0|AC  0|TAMS 0x0000000088100000, 0x0000000088100000|
|  98|0x0000000088200000, 0x0000000088200000, 0x0000000088300000|  0%| F|  |TS  0|AC  0|TAMS 0x0000000088200000, 0x0000000088200000|
|  99|0x0000000088300000, 0x0000000088300000, 0x0000000088400000|  0%| F|  |TS  0|AC  0|TAMS 0x0000000088300000, 0x0000000088300000|
| 100|0x0000000088400000, 0x0000000088400000, 0x0000000088500000|  0%| F|  |TS  0|AC  0|TAMS 0x0000000088400000, 0x0000000088400000|
| 101|0x0000000088500000, 0x0000000088500000, 0x0000000088600000|  0%| F|  |TS  0|AC  0|TAMS 0x0000000088500000, 0x0000000088500000|
| 102|0x0000000088600000, 0x0000000088600000, 0x0000000088700000|  0%| F|  |TS  0|AC  0|TAMS 0x0000000088600000, 0x0000000088600000|
| 103|0x0000000088700000, 0x0000000088700000, 0x0000000088800000|  0%| F|  |TS  0|AC  0|TAMS 0x0000000088700000, 0x0000000088700000|
| 104|0x0000000088800000, 0x0000000088800000, 0x0000000088900000|  0%| F|  |TS  0|AC  0|TAMS 0x0000000088800000, 0x0000000088800000|
| 105|0x0000000088900000, 0x0000000088900000, 0x0000000088a00000|  0%| F|  |TS  0|AC  0|TAMS 0x0000000088900000, 0x0000000088900000|
| 106|0x0000000088a00000, 0x0000000088a00000, 0x0000000088b00000|  0%| F|  |TS  0|AC  0|TAMS 0x0000000088a00000, 0x0000000088a00000|
| 107|0x0000000088b00000, 0x0000000088b8c188, 0x0000000088c00000| 54%| S|CS|TS  0|AC  0|TAMS 0x0000000088b00000, 0x0000000088b00000|
| 108|0x0000000088c00000, 0x0000000088d00000, 0x0000000088d00000|100%| S|CS|TS  0|AC  0|TAMS 0x0000000088c00000, 0x0000000088c00000|
| 109|0x0000000088d00000, 0x0000000088e00000, 0x0000000088e00000|100%| S|CS|TS  0|AC  0|TAMS 0x0000000088d00000, 0x0000000088d00000|
| 110|0x0000000088e00000, 0x0000000088f00000, 0x0000000088f00000|100%| S|CS|TS  0|AC  0|TAMS 0x0000000088e00000, 0x0000000088e00000|
| 111|0x0000000088f00000, 0x0000000089000000, 0x0000000089000000|100%| S|CS|TS  0|AC  0|TAMS 0x0000000088f00000, 0x0000000088f00000|
| 112|0x0000000089000000, 0x0000000089000000, 0x0000000089100000|  0%| F|  |TS  0|AC  0|TAMS 0x0000000089000000, 0x0000000089000000|
| 113|0x0000000089100000, 0x0000000089100000, 0x0000000089200000|  0%| F|  |TS  0|AC  0|TAMS 0x0000000089100000, 0x0000000089100000|
| 114|0x0000000089200000, 0x0000000089200000, 0x0000000089300000|  0%| F|  |TS  0|AC  0|TAMS 0x0000000089200000, 0x0000000089200000|
| 115|0x0000000089300000, 0x0000000089400000, 0x0000000089400000|100%| E|  |TS  0|AC  0|TAMS 0x0000000089300000, 0x0000000089300000|
| 116|0x0000000089400000, 0x0000000089500000, 0x0000000089500000|100%| E|CS|TS  0|AC  0|TAMS 0x0000000089400000, 0x0000000089400000|
| 117|0x0000000089500000, 0x0000000089600000, 0x0000000089600000|100%| E|CS|TS  0|AC  0|TAMS 0x0000000089500000, 0x0000000089500000|
| 118|0x0000000089600000, 0x0000000089700000, 0x0000000089700000|100%| E|CS|TS  0|AC  0|TAMS 0x0000000089600000, 0x0000000089600000|
| 119|0x0000000089700000, 0x0000000089800000, 0x0000000089800000|100%| E|CS|TS  0|AC  0|TAMS 0x0000000089700000, 0x0000000089700000|
| 120|0x0000000089800000, 0x0000000089900000, 0x0000000089900000|100%| E|CS|TS  0|AC  0|TAMS 0x0000000089800000, 0x0000000089800000|
| 121|0x0000000089900000, 0x0000000089a00000, 0x0000000089a00000|100%| E|CS|TS  0|AC  0|TAMS 0x0000000089900000, 0x0000000089900000|
| 122|0x0000000089a00000, 0x0000000089b00000, 0x0000000089b00000|100%| E|CS|TS  0|AC  0|TAMS 0x0000000089a00000, 0x0000000089a00000|
| 123|0x0000000089b00000, 0x0000000089c00000, 0x0000000089c00000|100%| E|CS|TS  0|AC  0|TAMS 0x0000000089b00000, 0x0000000089b00000|
| 124|0x0000000089c00000, 0x0000000089d00000, 0x0000000089d00000|100%| E|CS|TS  0|AC  0|TAMS 0x0000000089c00000, 0x0000000089c00000|
| 125|0x0000000089d00000, 0x0000000089e00000, 0x0000000089e00000|100%| E|CS|TS  0|AC  0|TAMS 0x0000000089d00000, 0x0000000089d00000|
| 126|0x0000000089e00000, 0x0000000089f00000, 0x0000000089f00000|100%| E|CS|TS  0|AC  0|TAMS 0x0000000089e00000, 0x0000000089e00000|
| 127|0x0000000089f00000, 0x000000008a000000, 0x000000008a000000|100%| E|CS|TS  0|AC  0|TAMS 0x0000000089f00000, 0x0000000089f00000|
| 128|0x000000008a000000, 0x000000008a100000, 0x000000008a100000|100%| E|CS|TS  0|AC  0|TAMS 0x000000008a000000, 0x000000008a000000|
| 129|0x000000008a100000, 0x000000008a200000, 0x000000008a200000|100%| E|CS|TS  0|AC  0|TAMS 0x000000008a100000, 0x000000008a100000|
| 130|0x000000008a200000, 0x000000008a300000, 0x000000008a300000|100%| E|CS|TS  0|AC  0|TAMS 0x000000008a200000, 0x000000008a200000|
| 131|0x000000008a300000, 0x000000008a400000, 0x000000008a400000|100%| E|CS|TS  0|AC  0|TAMS 0x000000008a300000, 0x000000008a300000|
| 132|0x000000008a400000, 0x000000008a500000, 0x000000008a500000|100%| E|CS|TS  0|AC  0|TAMS 0x000000008a400000, 0x000000008a400000|
| 133|0x000000008a500000, 0x000000008a600000, 0x000000008a600000|100%| E|CS|TS  0|AC  0|TAMS 0x000000008a500000, 0x000000008a500000|
| 134|0x000000008a600000, 0x000000008a700000, 0x000000008a700000|100%| E|CS|TS  0|AC  0|TAMS 0x000000008a600000, 0x000000008a600000|
| 135|0x000000008a700000, 0x000000008a800000, 0x000000008a800000|100%| E|CS|TS  0|AC  0|TAMS 0x000000008a700000, 0x000000008a700000|
| 136|0x000000008a800000, 0x000000008a900000, 0x000000008a900000|100%| E|CS|TS  0|AC  0|TAMS 0x000000008a800000, 0x000000008a800000|
| 137|0x000000008a900000, 0x000000008aa00000, 0x000000008aa00000|100%| E|CS|TS  0|AC  0|TAMS 0x000000008a900000, 0x000000008a900000|
| 138|0x000000008aa00000, 0x000000008ab00000, 0x000000008ab00000|100%| E|CS|TS  0|AC  0|TAMS 0x000000008aa00000, 0x000000008aa00000|
| 139|0x000000008ab00000, 0x000000008ac00000, 0x000000008ac00000|100%| E|CS|TS  0|AC  0|TAMS 0x000000008ab00000, 0x000000008ab00000|
| 140|0x000000008ac00000, 0x000000008ad00000, 0x000000008ad00000|100%| E|CS|TS  0|AC  0|TAMS 0x000000008ac00000, 0x000000008ac00000|
| 141|0x000000008ad00000, 0x000000008ae00000, 0x000000008ae00000|100%| E|CS|TS  0|AC  0|TAMS 0x000000008ad00000, 0x000000008ad00000|
| 142|0x000000008ae00000, 0x000000008af00000, 0x000000008af00000|100%| E|CS|TS  0|AC  0|TAMS 0x000000008ae00000, 0x000000008ae00000|
| 143|0x000000008af00000, 0x000000008b000000, 0x000000008b000000|100%| E|CS|TS  0|AC  0|TAMS 0x000000008af00000, 0x000000008af00000|
| 144|0x000000008b000000, 0x000000008b100000, 0x000000008b100000|100%| E|CS|TS  0|AC  0|TAMS 0x000000008b000000, 0x000000008b000000|
| 145|0x000000008b100000, 0x000000008b200000, 0x000000008b200000|100%| E|CS|TS  0|AC  0|TAMS 0x000000008b100000, 0x000000008b100000|
| 146|0x000000008b200000, 0x000000008b300000, 0x000000008b300000|100%| E|CS|TS  0|AC  0|TAMS 0x000000008b200000, 0x000000008b200000|
| 147|0x000000008b300000, 0x000000008b400000, 0x000000008b400000|100%| E|CS|TS  0|AC  0|TAMS 0x000000008b300000, 0x000000008b300000|
| 148|0x000000008b400000, 0x000000008b500000, 0x000000008b500000|100%| E|CS|TS  0|AC  0|TAMS 0x000000008b400000, 0x000000008b400000|
| 149|0x000000008b500000, 0x000000008b600000, 0x000000008b600000|100%| E|CS|TS  0|AC  0|TAMS 0x000000008b500000, 0x000000008b500000|
| 150|0x000000008b600000, 0x000000008b700000, 0x000000008b700000|100%| E|CS|TS  0|AC  0|TAMS 0x000000008b600000, 0x000000008b600000|
| 151|0x000000008b700000, 0x000000008b800000, 0x000000008b800000|100%| E|CS|TS  0|AC  0|TAMS 0x000000008b700000, 0x000000008b700000|
| 152|0x000000008b800000, 0x000000008b900000, 0x000000008b900000|100%| E|CS|TS  0|AC  0|TAMS 0x000000008b800000, 0x000000008b800000|
| 153|0x000000008b900000, 0x000000008ba00000, 0x000000008ba00000|100%| E|CS|TS  0|AC  0|TAMS 0x000000008b900000, 0x000000008b900000|
| 154|0x000000008ba00000, 0x000000008bb00000, 0x000000008bb00000|100%| E|CS|TS  0|AC  0|TAMS 0x000000008ba00000, 0x000000008ba00000|
| 155|0x000000008bb00000, 0x000000008bc00000, 0x000000008bc00000|100%| E|CS|TS  0|AC  0|TAMS 0x000000008bb00000, 0x000000008bb00000|
| 156|0x000000008bc00000, 0x000000008bd00000, 0x000000008bd00000|100%| E|CS|TS  0|AC  0|TAMS 0x000000008bc00000, 0x000000008bc00000|
| 157|0x000000008bd00000, 0x000000008be00000, 0x000000008be00000|100%| E|CS|TS  0|AC  0|TAMS 0x000000008bd00000, 0x000000008bd00000|
| 158|0x000000008be00000, 0x000000008bf00000, 0x000000008bf00000|100%| E|CS|TS  0|AC  0|TAMS 0x000000008be00000, 0x000000008be00000|
| 159|0x000000008bf00000, 0x000000008c000000, 0x000000008c000000|100%| E|CS|TS  0|AC  0|TAMS 0x000000008bf00000, 0x000000008bf00000|
| 160|0x000000008c000000, 0x000000008c100000, 0x000000008c100000|100%| E|CS|TS  0|AC  0|TAMS 0x000000008c000000, 0x000000008c000000|
| 161|0x000000008c100000, 0x000000008c200000, 0x000000008c200000|100%| E|CS|TS  0|AC  0|TAMS 0x000000008c100000, 0x000000008c100000|
| 162|0x000000008c200000, 0x000000008c300000, 0x000000008c300000|100%| E|CS|TS  0|AC  0|TAMS 0x000000008c200000, 0x000000008c200000|
| 163|0x000000008c300000, 0x000000008c400000, 0x000000008c400000|100%| E|CS|TS  0|AC  0|TAMS 0x000000008c300000, 0x000000008c300000|
| 164|0x000000008c400000, 0x000000008c500000, 0x000000008c500000|100%| E|CS|TS  0|AC  0|TAMS 0x000000008c400000, 0x000000008c400000|
| 165|0x000000008c500000, 0x000000008c600000, 0x000000008c600000|100%| E|CS|TS  0|AC  0|TAMS 0x000000008c500000, 0x000000008c500000|
| 166|0x000000008c600000, 0x000000008c700000, 0x000000008c700000|100%| E|CS|TS  0|AC  0|TAMS 0x000000008c600000, 0x000000008c600000|
| 167|0x000000008c700000, 0x000000008c800000, 0x000000008c800000|100%| E|CS|TS  0|AC  0|TAMS 0x000000008c700000, 0x000000008c700000|
| 168|0x000000008c800000, 0x000000008c900000, 0x000000008c900000|100%| E|CS|TS  0|AC  0|TAMS 0x000000008c800000, 0x000000008c800000|
| 169|0x000000008c900000, 0x000000008ca00000, 0x000000008ca00000|100%| E|CS|TS  0|AC  0|TAMS 0x000000008c900000, 0x000000008c900000|
| 170|0x000000008ca00000, 0x000000008cb00000, 0x000000008cb00000|100%| E|CS|TS  0|AC  0|TAMS 0x000000008ca00000, 0x000000008ca00000|
| 171|0x000000008cb00000, 0x000000008cc00000, 0x000000008cc00000|100%| E|CS|TS  0|AC  0|TAMS 0x000000008cb00000, 0x000000008cb00000|
| 172|0x000000008cc00000, 0x000000008cd00000, 0x000000008cd00000|100%| E|CS|TS  0|AC  0|TAMS 0x000000008cc00000, 0x000000008cc00000|
| 173|0x000000008cd00000, 0x000000008ce00000, 0x000000008ce00000|100%| E|CS|TS  0|AC  0|TAMS 0x000000008cd00000, 0x000000008cd00000|
| 174|0x000000008ce00000, 0x000000008cf00000, 0x000000008cf00000|100%| E|CS|TS  0|AC  0|TAMS 0x000000008ce00000, 0x000000008ce00000|
| 175|0x000000008cf00000, 0x000000008d000000, 0x000000008d000000|100%| E|CS|TS  0|AC  0|TAMS 0x000000008cf00000, 0x000000008cf00000|
| 176|0x000000008d000000, 0x000000008d100000, 0x000000008d100000|100%| E|CS|TS  0|AC  0|TAMS 0x000000008d000000, 0x000000008d000000|
| 177|0x000000008d100000, 0x000000008d200000, 0x000000008d200000|100%| E|CS|TS  0|AC  0|TAMS 0x000000008d100000, 0x000000008d100000|
| 178|0x000000008d200000, 0x000000008d300000, 0x000000008d300000|100%| E|CS|TS  0|AC  0|TAMS 0x000000008d200000, 0x000000008d200000|
| 179|0x000000008d300000, 0x000000008d400000, 0x000000008d400000|100%| E|CS|TS  0|AC  0|TAMS 0x000000008d300000, 0x000000008d300000|
| 180|0x000000008d400000, 0x000000008d500000, 0x000000008d500000|100%| E|CS|TS  0|AC  0|TAMS 0x000000008d400000, 0x000000008d400000|
| 181|0x000000008d500000, 0x000000008d600000, 0x000000008d600000|100%| E|CS|TS  0|AC  0|TAMS 0x000000008d500000, 0x000000008d500000|
| 182|0x000000008d600000, 0x000000008d700000, 0x000000008d700000|100%| E|CS|TS  0|AC  0|TAMS 0x000000008d600000, 0x000000008d600000|

Card table byte_map: [0x00000199fd2b0000,0x00000199fd6a0000] byte_map_base: 0x00000199fcea0000

Marking Bits (Prev, Next): (CMBitMap*) 0x00000199fcb78318, (CMBitMap*) 0x00000199fcb782e0
 Prev Bits: [0x000001999a2b0000, 0x000001999c230000)
 Next Bits: [0x00000199fda90000, 0x00000199ffa10000)

Polling page: 0x00000199fa9a0000

CodeHeap 'non-profiled nmethods': size=120000Kb used=5021Kb max_used=5021Kb free=114978Kb
 bounds [0x0000019992d80000, 0x0000019993270000, 0x000001999a2b0000]
CodeHeap 'profiled nmethods': size=120000Kb used=14911Kb max_used=14911Kb free=105088Kb
 bounds [0x000001998b850000, 0x000001998c6f0000, 0x0000019992d80000]
CodeHeap 'non-nmethods': size=5760Kb used=1303Kb max_used=1337Kb free=4456Kb
 bounds [0x000001998b2b0000, 0x000001998b520000, 0x000001998b850000]
 total_blobs=7381 nmethods=5477 adapters=504
 compilation: enabled

Compilation events (10 events):
Event: 7.572 Thread 0x000001999efce000 5530       3       java.util.regex.Pattern$Begin::match (62 bytes)
Event: 7.572 Thread 0x000001999efce000 nmethod 5530 0x000001998c6d7b90 code [0x000001998c6d7d60, 0x000001998c6d8110]
Event: 7.603 Thread 0x000001999efce000 5531       1       org.hibernate.internal.SessionFactoryImpl::getServiceRegistry (5 bytes)
Event: 7.604 Thread 0x000001999efce000 nmethod 5531 0x0000019993265490 code [0x0000019993265640, 0x0000019993265758]
Event: 7.620 Thread 0x000001999efce000 5532       1       org.hibernate.type.AbstractStandardBasicType::isComponentType (2 bytes)
Event: 7.620 Thread 0x000001999efce000 nmethod 5532 0x0000019993265810 code [0x00000199932659c0, 0x0000019993265ad8]
Event: 7.637 Thread 0x000001999efce000 5533       1       org.hibernate.type.AbstractStandardBasicType::isAssociationType (2 bytes)
Event: 7.637 Thread 0x000001999efce000 nmethod 5533 0x0000019993265b90 code [0x0000019993265d40, 0x0000019993265e58]
Event: 7.637 Thread 0x000001999efce000 5534       1       org.hibernate.mapping.Property::getValue (5 bytes)
Event: 7.637 Thread 0x000001999efce000 nmethod 5534 0x0000019993265f10 code [0x00000199932660c0, 0x00000199932661d8]

GC Heap History (10 events):
Event: 4.151 GC heap before
{Heap before GC invocations=9 (full 0):
 garbage-first heap   total 155648K, used 101222K [0x0000000082000000, 0x0000000100000000)
  region size 1024K, 89 young (91136K), 7 survivors (7168K)
 Metaspace       used 39584K, capacity 40399K, committed 40704K, reserved 1085440K
  class space    used 4446K, capacity 4777K, committed 4864K, reserved 1048576K
}
Event: 4.157 GC heap after
{Heap after GC invocations=10 (full 0):
 garbage-first heap   total 155648K, used 19723K [0x0000000082000000, 0x0000000100000000)
  region size 1024K, 9 young (9216K), 9 survivors (9216K)
 Metaspace       used 39584K, capacity 40399K, committed 40704K, reserved 1085440K
  class space    used 4446K, capacity 4777K, committed 4864K, reserved 1048576K
}
Event: 5.099 GC heap before
{Heap before GC invocations=10 (full 0):
 garbage-first heap   total 155648K, used 103691K [0x0000000082000000, 0x0000000100000000)
  region size 1024K, 91 young (93184K), 9 survivors (9216K)
 Metaspace       used 43900K, capacity 44873K, committed 45312K, reserved 1089536K
  class space    used 4961K, capacity 5349K, committed 5376K, reserved 1048576K
}
Event: 5.108 GC heap after
{Heap after GC invocations=11 (full 0):
 garbage-first heap   total 155648K, used 26091K [0x0000000082000000, 0x0000000100000000)
  region size 1024K, 11 young (11264K), 11 survivors (11264K)
 Metaspace       used 43900K, capacity 44873K, committed 45312K, reserved 1089536K
  class space    used 4961K, capacity 5349K, committed 5376K, reserved 1048576K
}
Event: 5.624 GC heap before
{Heap before GC invocations=11 (full 0):
 garbage-first heap   total 155648K, used 108011K [0x0000000082000000, 0x0000000100000000)
  region size 1024K, 91 young (93184K), 11 survivors (11264K)
 Metaspace       used 45654K, capacity 46655K, committed 47104K, reserved 1091584K
  class space    used 5143K, capacity 5531K, committed 5632K, reserved 1048576K
}
Event: 5.634 GC heap after
{Heap after GC invocations=12 (full 0):
 garbage-first heap   total 187392K, used 27650K [0x0000000082000000, 0x0000000100000000)
  region size 1024K, 3 young (3072K), 3 survivors (3072K)
 Metaspace       used 45654K, capacity 46655K, committed 47104K, reserved 1091584K
  class space    used 5143K, capacity 5531K, committed 5632K, reserved 1048576K
}
Event: 6.449 GC heap before
{Heap before GC invocations=12 (full 0):
 garbage-first heap   total 187392K, used 134146K [0x0000000082000000, 0x0000000100000000)
  region size 1024K, 107 young (109568K), 3 survivors (3072K)
 Metaspace       used 53155K, capacity 54118K, committed 54656K, reserved 1097728K
  class space    used 6071K, capacity 6482K, committed 6528K, reserved 1048576K
}
Event: 6.454 GC heap after
{Heap after GC invocations=13 (full 0):
 garbage-first heap   total 187392K, used 28940K [0x0000000082000000, 0x0000000100000000)
  region size 1024K, 4 young (4096K), 4 survivors (4096K)
 Metaspace       used 53155K, capacity 54118K, committed 54656K, reserved 1097728K
  class space    used 6071K, capacity 6482K, committed 6528K, reserved 1048576K
}
Event: 7.012 GC heap before
{Heap before GC invocations=13 (full 0):
 garbage-first heap   total 187392K, used 100620K [0x0000000082000000, 0x0000000100000000)
  region size 1024K, 75 young (76800K), 4 survivors (4096K)
 Metaspace       used 58880K, capacity 59874K, committed 60288K, reserved 1101824K
  class space    used 6872K, capacity 7290K, committed 7296K, reserved 1048576K
}
Event: 7.016 GC heap after
{Heap after GC invocations=14 (full 0):
 garbage-first heap   total 187392K, used 30041K [0x0000000082000000, 0x0000000100000000)
  region size 1024K, 5 young (5120K), 5 survivors (5120K)
 Metaspace       used 58880K, capacity 59874K, committed 60288K, reserved 1101824K
  class space    used 6872K, capacity 7290K, committed 7296K, reserved 1048576K
}

Deoptimization events (10 events):
Event: 7.545 Thread 0x00000199fcad4000 Uncommon trap: reason=unhandled action=none pc=0x0000019993202ff0 method=jdk.internal.loader.BuiltinClassLoader.loadClass(Ljava/lang/String;Z)Ljava/lang/Class; @ 19 c2
Event: 7.611 Thread 0x00000199fcad4000 Uncommon trap: reason=unhandled action=none pc=0x0000019993202ff0 method=jdk.internal.loader.BuiltinClassLoader.loadClass(Ljava/lang/String;Z)Ljava/lang/Class; @ 19 c2
Event: 7.612 Thread 0x00000199fcad4000 Uncommon trap: reason=unhandled action=none pc=0x0000019993202ff0 method=jdk.internal.loader.BuiltinClassLoader.loadClass(Ljava/lang/String;Z)Ljava/lang/Class; @ 19 c2
Event: 7.613 Thread 0x00000199fcad4000 Uncommon trap: reason=unhandled action=none pc=0x0000019993202ff0 method=jdk.internal.loader.BuiltinClassLoader.loadClass(Ljava/lang/String;Z)Ljava/lang/Class; @ 19 c2
Event: 7.613 Thread 0x00000199fcad4000 Uncommon trap: reason=unhandled action=none pc=0x0000019993202ff0 method=jdk.internal.loader.BuiltinClassLoader.loadClass(Ljava/lang/String;Z)Ljava/lang/Class; @ 19 c2
Event: 7.623 Thread 0x00000199fcad4000 Uncommon trap: reason=unhandled action=none pc=0x0000019993202ff0 method=jdk.internal.loader.BuiltinClassLoader.loadClass(Ljava/lang/String;Z)Ljava/lang/Class; @ 19 c2
Event: 7.623 Thread 0x00000199fcad4000 Uncommon trap: reason=unhandled action=none pc=0x0000019993202ff0 method=jdk.internal.loader.BuiltinClassLoader.loadClass(Ljava/lang/String;Z)Ljava/lang/Class; @ 19 c2
Event: 7.627 Thread 0x00000199fcad4000 Uncommon trap: reason=unhandled action=none pc=0x0000019993202ff0 method=jdk.internal.loader.BuiltinClassLoader.loadClass(Ljava/lang/String;Z)Ljava/lang/Class; @ 19 c2
Event: 7.627 Thread 0x00000199fcad4000 Uncommon trap: reason=unhandled action=none pc=0x0000019993202ff0 method=jdk.internal.loader.BuiltinClassLoader.loadClass(Ljava/lang/String;Z)Ljava/lang/Class; @ 19 c2
Event: 7.637 Thread 0x00000199fcad4000 Uncommon trap: reason=unhandled action=none pc=0x0000019993202ff0 method=jdk.internal.loader.BuiltinClassLoader.loadClass(Ljava/lang/String;Z)Ljava/lang/Class; @ 19 c2

Classes redefined (0 events):
No events

Internal exceptions (10 events):
Event: 6.094 Thread 0x00000199fcad4000 Exception <a 'java/lang/ClassNotFoundException'{0x0000000089e0aea0}: org/springframework/beans/factory/BeanFactoryAwareCustomizer> (0x0000000089e0aea0) thrown at [t:/workspace/open/src/hotspot/share/classfile/systemDictionary.cpp, line 233]
Event: 6.095 Thread 0x00000199fcad4000 Exception <a 'java/lang/ClassNotFoundException'{0x0000000089e1e9d8}: org/springframework/beans/factory/AwareCustomizer> (0x0000000089e1e9d8) thrown at [t:/workspace/open/src/hotspot/share/classfile/systemDictionary.cpp, line 233]
Event: 6.096 Thread 0x00000199fcad4000 Exception <a 'java/lang/ClassNotFoundException'{0x0000000089e326e8}: org/springframework/beans/factory/BeanNameAwareCustomizer> (0x0000000089e326e8) thrown at [t:/workspace/open/src/hotspot/share/classfile/systemDictionary.cpp, line 233]
Event: 6.096 Thread 0x00000199fcad4000 Exception <a 'java/lang/ClassNotFoundException'{0x0000000089e45ca8}: org/springframework/beans/factory/AwareCustomizer> (0x0000000089e45ca8) thrown at [t:/workspace/open/src/hotspot/share/classfile/systemDictionary.cpp, line 233]
Event: 6.097 Thread 0x00000199fcad4000 Exception <a 'java/lang/ClassNotFoundException'{0x0000000089e5abe0}: org/springframework/beans/factory/InitializingBeanCustomizer> (0x0000000089e5abe0) thrown at [t:/workspace/open/src/hotspot/share/classfile/systemDictionary.cpp, line 233]
Event: 6.097 Thread 0x00000199fcad4000 Exception <a 'java/lang/ClassNotFoundException'{0x0000000089e6f988}: org/springframework/beans/factory/DisposableBeanCustomizer> (0x0000000089e6f988) thrown at [t:/workspace/open/src/hotspot/share/classfile/systemDictionary.cpp, line 233]
Event: 6.098 Thread 0x00000199fcad4000 Exception <a 'java/lang/ClassNotFoundException'{0x0000000089e85770}: org/springframework/orm/jpa/EntityManagerFactoryInfoCustomizer> (0x0000000089e85770) thrown at [t:/workspace/open/src/hotspot/share/classfile/systemDictionary.cpp, line 233]
Event: 6.099 Thread 0x00000199fcad4000 Exception <a 'java/lang/ClassNotFoundException'{0x0000000089ea5600}: org/springframework/dao/support/PersistenceExceptionTranslatorCustomizer> (0x0000000089ea5600) thrown at [t:/workspace/open/src/hotspot/share/classfile/systemDictionary.cpp, line 233]
Event: 6.883 Thread 0x00000199fcad4000 Implicit null exception at 0x00000199931dbca7 to 0x00000199931df3d2
Event: 7.531 Thread 0x00000199fcad4000 Exception <a 'java/lang/NoSuchMethodError'{0x000000008a2f17a8}: java.lang.invoke.DirectMethodHandle$Holder.invokeInterface(Ljava/lang/Object;Ljava/lang/Object;)V> (0x000000008a2f17a8) thrown at [t:/workspace/open/src/hotspot/share/interpreter/linkResolver

Events (10 events):
Event: 7.646 loading class org/hibernate/tool/schema/spi/SchemaManagementToolCoordinator$DropSettingSelector
Event: 7.646 loading class org/hibernate/tool/schema/spi/SchemaManagementToolCoordinator$DropSettingSelector done
Event: 7.646 loading class org/hibernate/tool/schema/SourceType
Event: 7.646 loading class org/hibernate/tool/schema/SourceType done
Event: 7.647 loading class org/hibernate/tool/schema/spi/SchemaManagementToolCoordinator$2
Event: 7.647 loading class org/hibernate/tool/schema/spi/SchemaManagementToolCoordinator$2 done
Event: 7.647 loading class org/hibernate/tool/schema/TargetType
Event: 7.647 loading class org/hibernate/tool/schema/TargetType done
Event: 7.648 loading class org/hibernate/tool/schema/internal/SchemaDropperImpl
Event: 7.648 loading class org/hibernate/tool/schema/internal/SchemaDropperImpl done


Dynamic libraries:
0x00007ff603620000 - 0x00007ff60365e000 	C:\Program Files\Java\jdk-10.0.2\bin\javaw.exe
0x00007ffbc3bd0000 - 0x00007ffbc3dbd000 	C:\WINDOWS\SYSTEM32\ntdll.dll
0x00007ffbc3000000 - 0x00007ffbc30b3000 	C:\WINDOWS\System32\KERNEL32.DLL
0x00007ffbc0590000 - 0x00007ffbc0823000 	C:\WINDOWS\System32\KERNELBASE.dll
0x00007ffbc1130000 - 0x00007ffbc11d3000 	C:\WINDOWS\System32\ADVAPI32.dll
0x00007ffbc3570000 - 0x00007ffbc360e000 	C:\WINDOWS\System32\msvcrt.dll
0x00007ffbc0e10000 - 0x00007ffbc0eae000 	C:\WINDOWS\System32\sechost.dll
0x00007ffbc3440000 - 0x00007ffbc3562000 	C:\WINDOWS\System32\RPCRT4.dll
0x00007ffbc0f60000 - 0x00007ffbc10f7000 	C:\WINDOWS\System32\USER32.dll
0x00007ffbc0570000 - 0x00007ffbc0590000 	C:\WINDOWS\System32\win32u.dll
0x00007ffbc2a00000 - 0x00007ffbc2a29000 	C:\WINDOWS\System32\GDI32.dll
0x00007ffbc0b10000 - 0x00007ffbc0caa000 	C:\WINDOWS\System32\gdi32full.dll
0x00007ffbc0a70000 - 0x00007ffbc0b10000 	C:\WINDOWS\System32\msvcp_win.dll
0x00007ffbc0cd0000 - 0x00007ffbc0dca000 	C:\WINDOWS\System32\ucrtbase.dll
0x00007ffbb0e40000 - 0x00007ffbb10b9000 	C:\WINDOWS\WinSxS\amd64_microsoft.windows.common-controls_6595b64144ccf1df_6.0.17763.379_none_05b83be8071c94a1\COMCTL32.dll
0x00007ffbbee10000 - 0x00007ffbbee1a000 	C:\WINDOWS\SYSTEM32\VERSION.dll
0x00007ffbc2ba0000 - 0x00007ffbc2ecd000 	C:\WINDOWS\System32\combase.dll
0x00007ffbc04f0000 - 0x00007ffbc056e000 	C:\WINDOWS\System32\bcryptPrimitives.dll
0x00007ffbc1100000 - 0x00007ffbc112e000 	C:\WINDOWS\System32\IMM32.DLL
0x00007ffb965a0000 - 0x00007ffb9668f000 	C:\Program Files\Java\jdk-10.0.2\bin\msvcr120.dll
0x00007ffb964f0000 - 0x00007ffb96596000 	C:\Program Files\Java\jdk-10.0.2\bin\msvcp120.dll
0x0000000055410000 - 0x0000000055e80000 	C:\Program Files\Java\jdk-10.0.2\bin\server\jvm.dll
0x00007ffbc0e00000 - 0x00007ffbc0e08000 	C:\WINDOWS\System32\PSAPI.DLL
0x00007ffbaa120000 - 0x00007ffbaa129000 	C:\WINDOWS\SYSTEM32\WSOCK32.dll
0x00007ffbb9620000 - 0x00007ffbb9644000 	C:\WINDOWS\SYSTEM32\WINMM.dll
0x00007ffbc3350000 - 0x00007ffbc33bd000 	C:\WINDOWS\System32\WS2_32.dll
0x00007ffbb9500000 - 0x00007ffbb952d000 	C:\WINDOWS\SYSTEM32\WINMMBASE.dll
0x00007ffbc04a0000 - 0x00007ffbc04ea000 	C:\WINDOWS\System32\cfgmgr32.dll
0x00007ffbbda30000 - 0x00007ffbbda3f000 	C:\Program Files\Java\jdk-10.0.2\bin\verify.dll
0x00007ffbbe4e0000 - 0x00007ffbbe6cd000 	C:\WINDOWS\SYSTEM32\DBGHELP.DLL
0x00007ffbb7ea0000 - 0x00007ffbb7eca000 	C:\WINDOWS\SYSTEM32\dbgcore.DLL
0x00007ffbbb770000 - 0x00007ffbbb797000 	C:\Program Files\Java\jdk-10.0.2\bin\java.dll
0x00007ffbb3220000 - 0x00007ffbb3256000 	C:\Program Files\Java\jdk-10.0.2\bin\jdwp.dll
0x00007ffbb31b0000 - 0x00007ffbb31da000 	C:\Program Files\Java\jdk-10.0.2\bin\instrument.dll
0x00007ffbb6450000 - 0x00007ffbb6466000 	C:\Program Files\Java\jdk-10.0.2\bin\zip.dll
0x00007ffbbcd30000 - 0x00007ffbbcd3a000 	C:\Program Files\Java\jdk-10.0.2\bin\jimage.dll
0x00007ffbc14e0000 - 0x00007ffbc29d0000 	C:\WINDOWS\System32\SHELL32.dll
0x00007ffbc0eb0000 - 0x00007ffbc0f58000 	C:\WINDOWS\System32\shcore.dll
0x00007ffbbfca0000 - 0x00007ffbc03ea000 	C:\WINDOWS\System32\windows.storage.dll
0x00007ffbbfc50000 - 0x00007ffbbfc74000 	C:\WINDOWS\System32\profapi.dll
0x00007ffbbfbd0000 - 0x00007ffbbfc2d000 	C:\WINDOWS\System32\powrprof.dll
0x00007ffbc2ed0000 - 0x00007ffbc2f22000 	C:\WINDOWS\System32\shlwapi.dll
0x00007ffbbfc80000 - 0x00007ffbbfc91000 	C:\WINDOWS\System32\kernel.appcore.dll
0x00007ffbc0cb0000 - 0x00007ffbc0cc7000 	C:\WINDOWS\System32\cryptsp.dll
0x00007ffbbcb50000 - 0x00007ffbbcb5a000 	C:\Program Files\Java\jdk-10.0.2\bin\dt_socket.dll
0x00007ffbbf450000 - 0x00007ffbbf4b7000 	C:\WINDOWS\System32\mswsock.dll
0x00007ffbbf1f0000 - 0x00007ffbbf2b6000 	C:\WINDOWS\SYSTEM32\DNSAPI.dll
0x00007ffbc29f0000 - 0x00007ffbc29f8000 	C:\WINDOWS\System32\NSI.dll
0x00007ffbbf1b0000 - 0x00007ffbbf1ed000 	C:\WINDOWS\SYSTEM32\IPHLPAPI.DLL
0x00007ffbafb90000 - 0x00007ffbafc09000 	C:\WINDOWS\System32\fwpuclnt.dll
0x00007ffbc0dd0000 - 0x00007ffbc0df6000 	C:\WINDOWS\System32\bcrypt.dll
0x00007ffbb6f30000 - 0x00007ffbb6f3a000 	C:\Windows\System32\rasadhlp.dll
0x00007ffbb5ad0000 - 0x00007ffbb5aea000 	C:\Program Files\Java\jdk-10.0.2\bin\net.dll
0x00007ffbbcfe0000 - 0x00007ffbbd0d1000 	C:\WINDOWS\SYSTEM32\WINHTTP.dll
0x00007ffbb3190000 - 0x00007ffbb31a1000 	C:\Program Files\Java\jdk-10.0.2\bin\nio.dll
0x00007ffbbc230000 - 0x00007ffbbc239000 	C:\Program Files\Java\jdk-10.0.2\bin\management.dll
0x00007ffbbaeb0000 - 0x00007ffbbaeba000 	C:\Program Files\Java\jdk-10.0.2\bin\management_ext.dll
0x00007ffba5230000 - 0x00007ffba5246000 	C:\WINDOWS\system32\napinsp.dll
0x00007ffbb7030000 - 0x00007ffbb704a000 	C:\WINDOWS\system32\pnrpnsp.dll
0x00007ffba5220000 - 0x00007ffba522e000 	C:\WINDOWS\System32\winrnr.dll
0x00007ffbbcad0000 - 0x00007ffbbcaeb000 	C:\WINDOWS\system32\NLAapi.dll
0x00007ffbb7f20000 - 0x00007ffbb7f35000 	C:\WINDOWS\system32\wshbth.dll
0x00007ffbbf010000 - 0x00007ffbbf043000 	C:\WINDOWS\system32\rsaenh.dll
0x00007ffbbfad0000 - 0x00007ffbbfaf8000 	C:\WINDOWS\SYSTEM32\USERENV.dll
0x00007ffbbf620000 - 0x00007ffbbf62c000 	C:\WINDOWS\SYSTEM32\CRYPTBASE.dll
0x00007ffbbadf0000 - 0x00007ffbbae06000 	C:\WINDOWS\SYSTEM32\dhcpcsvc6.DLL
0x00007ffbbb5c0000 - 0x00007ffbbb5dc000 	C:\WINDOWS\SYSTEM32\dhcpcsvc.DLL

dbghelp: loaded successfully - version: 4.0.5 - missing functions: none
symbol engine: initialized successfully - sym options: 0x614 - pdb path: .;C:\Program Files\Java\jdk-10.0.2\bin;C:\WINDOWS\SYSTEM32;C:\WINDOWS\WinSxS\amd64_microsoft.windows.common-controls_6595b64144ccf1df_6.0.17763.379_none_05b83be8071c94a1;C:\Program Files\Java\jdk-10.0.2\bin\server

VM Arguments:
jvm_args: -agentlib:jdwp=transport=dt_socket,suspend=y,address=localhost:65222 -ea -javaagent:C:\Users\Cassiano\Downloads\spring-tool-suite-3.9.5.RELEASE-e4.8.0-win32-x86_64\sts-bundle\sts-3.9.5.RELEASE\configuration\org.eclipse.osgi\316\0\.cp\lib\javaagent-shaded.jar -Dfile.encoding=UTF-8 
java_command: org.eclipse.jdt.internal.junit.runner.RemoteTestRunner -version 3 -port 65221 -testLoaderClass org.eclipse.jdt.internal.junit4.runner.JUnit4TestLoader -loaderpluginname org.eclipse.jdt.junit4.runtime -classNames br.com.castgroup.Desafio.integration.PessoaControllerTest
java_class_path (initial): C:\Users\Cassiano\Desktop\Desafio\target\test-classes;C:\Users\Cassiano\Desktop\Desafio\target\classes;C:\Users\Cassiano\.m2\repository\org\springframework\boot\spring-boot-starter-data-jpa\2.1.3.RELEASE\spring-boot-starter-data-jpa-2.1.3.RELEASE.jar;C:\Users\Cassiano\.m2\repository\org\springframework\boot\spring-boot-starter-aop\2.1.3.RELEASE\spring-boot-starter-aop-2.1.3.RELEASE.jar;C:\Users\Cassiano\.m2\repository\org\springframework\spring-aop\5.1.5.RELEASE\spring-aop-5.1.5.RELEASE.jar;C:\Users\Cassiano\.m2\repository\org\aspectj\aspectjweaver\1.9.2\aspectjweaver-1.9.2.jar;C:\Users\Cassiano\.m2\repository\org\springframework\boot\spring-boot-starter-jdbc\2.1.3.RELEASE\spring-boot-starter-jdbc-2.1.3.RELEASE.jar;C:\Users\Cassiano\.m2\repository\com\zaxxer\HikariCP\3.2.0\HikariCP-3.2.0.jar;C:\Users\Cassiano\.m2\repository\org\springframework\spring-jdbc\5.1.5.RELEASE\spring-jdbc-5.1.5.RELEASE.jar;C:\Users\Cassiano\.m2\repository\javax\transaction\javax.transaction-api\1.3\javax.transaction-api-1.3.jar;C:\Users\Cassiano\.m2\repository\javax\xml\bind\jaxb-api\2.3.1\jaxb-api-2.3.1.jar;C:\Users\Cassiano\.m2\repository\javax\activation\javax.activation-api\1.2.0\javax.activation-api-1.2.0.jar;C:\Users\Cassiano\.m2\repository\org\hibernate\hibernate-core\5.3.7.Final\hibernate-core-5.3.7.Final.jar;C:\Users\Cassiano\.m2\repository\org\jboss\logging\jboss-logging\3.3.2.Final\jboss-logging-3.3.2.Final.jar;C:\Users\Cassiano\.m2\repository\javax\persistence\javax.persistence-api\2.2\javax.persistence-api-2.2.jar;C:\Users\Cassiano\.m2\repository\org\javassist\javassist\3.23.1-GA\javassist-3.23.1-GA.jar;C:\Users\Cassiano\.m2\repository\antlr\antlr\2.7.7\antlr-2.7.7.jar;C:\Users\Cassiano\.m2\repository\org\jboss\jandex\2.0.5.Final\jandex-2.0.5.Final.jar;C:\Users\Cassiano\.m2\repository\org\dom4j\dom4j\2.1.1\dom4j-2.1.1.jar;C:\Users\Cassiano\.m2\repository\org\hibernate\common\hibernate-commons-annotations\5.0.4.Final\hibernate-commons-annotations-5.0
Launcher Type: SUN_STANDARD

Logging:
Log output configuration:
#0: stdout all=warning uptime,level,tags
#1: stderr all=off uptime,level,tags

Environment Variables:
JAVA_HOME=C:\Program Files\Java\jdk-10.0.2\bin
PATH=C:/Program Files/Java/jre1.8.0_181/bin/server;C:/Program Files/Java/jre1.8.0_181/bin;C:/Program Files/Java/jre1.8.0_181/lib/amd64;C:\Program Files (x86)\Common Files\Oracle\Java\javapath;C:\WINDOWS\system32;C:\WINDOWS;C:\WINDOWS\System32\Wbem;C:\WINDOWS\System32\WindowsPowerShell\v1.0\;C:\WINDOWS\System32\OpenSSH\;C:\Program Files\Git\cmd;C:\Program Files\nodejs\;C:\Program Files (x86)\Intel\Intel(R) Management Engine Components\DAL;C:\Program Files\Intel\Intel(R) Management Engine Components\DAL;C:\Program Files\Java\jdk-10.0.2\bin;C:\Users\Cassiano\AppData\Local\Microsoft\WindowsApps;C:\Users\Cassiano\AppData\Roaming\npm;C:\Users\Cassiano\AppData\Local\Programs\Microsoft VS Code\bin;;C:\Users\Cassiano\Downloads\spring-tool-suite-3.9.5.RELEASE-e4.8.0-win32-x86_64\sts-bundle\sts-3.9.5.RELEASE;
USERNAME=Cassiano
OS=Windows_NT
PROCESSOR_IDENTIFIER=Intel64 Family 6 Model 142 Stepping 10, GenuineIntel



---------------  S Y S T E M  ---------------

OS: Windows 10 , 64 bit Build 17763 (10.0.17763.379)

CPU:total 8 (initial active 8) (4 cores per cpu, 2 threads per core) family 6 model 142 stepping 10, cmov, cx8, fxsr, mmx, sse, sse2, sse3, ssse3, sse4.1, sse4.2, popcnt, avx, avx2, aes, clmul, erms, 3dnowpref, lzcnt, ht, tsc, tscinvbit, bmi1, bmi2, adx, fma

Memory: 4k page, physical 8250416k(812724k free), swap 8250416k(7904k free)

vm_info: Java HotSpot(TM) 64-Bit Server VM (10.0.2+13) for windows-amd64 JRE (10.0.2+13), built on Jun 28 2018 01:57:56 by "mach5one" with MS VC++ 12.0 (VS2013)

END.
